SF:C:\Users\pl816\OneDrive\文件\git\my-http-server\src\api\mod.rs
FN:407,_RNCNCNvNvXsx_NtNtCs9ofXrUXFSdM_14my_http_server3api4fileNtBb_10list_filesNtNtCs2w4TRgjrzQ8_9actix_web7service18HttpServiceFactory8register10list_files00Bf_
FN:422,_RNCNCNvNvXsx_NtNtCs9ofXrUXFSdM_14my_http_server3api4fileNtBb_10list_filesNtNtCs2w4TRgjrzQ8_9actix_web7service18HttpServiceFactory8register10list_files0s0_0Bf_
FN:408,_RNCNCNvNvXsx_NtNtCs9ofXrUXFSdM_14my_http_server3api4fileNtBb_10list_filesNtNtCs2w4TRgjrzQ8_9actix_web7service18HttpServiceFactory8register10list_files0s_0Bf_
FN:289,_RNCNCNvNvXsy_NtNtCs9ofXrUXFSdM_14my_http_server3api4fileNtBb_9file_infoNtNtCs2w4TRgjrzQ8_9actix_web7service18HttpServiceFactory8register9file_info00Bf_
FN:311,_RNCNCNvNvXsy_NtNtCs9ofXrUXFSdM_14my_http_server3api4fileNtBb_9file_infoNtNtCs2w4TRgjrzQ8_9actix_web7service18HttpServiceFactory8register9file_info0s0_0Bf_
FN:312,_RNCNCNvNvXsy_NtNtCs9ofXrUXFSdM_14my_http_server3api4fileNtBb_9file_infoNtNtCs2w4TRgjrzQ8_9actix_web7service18HttpServiceFactory8register9file_info0s1_0Bf_
FN:295,_RNCNCNvNvXsy_NtNtCs9ofXrUXFSdM_14my_http_server3api4fileNtBb_9file_infoNtNtCs2w4TRgjrzQ8_9actix_web7service18HttpServiceFactory8register9file_info0s_0Bf_
FN:129,_RNCNvNtNtCs9ofXrUXFSdM_14my_http_server3api4file18validate_path_base0B7_
FN:113,_RNCNvNtNtCs9ofXrUXFSdM_14my_http_server3api4file25get_canonical_public_path0B7_
FN:39,_RNCNvNvXs8_NtCs9ofXrUXFSdM_14my_http_server3apiNtB9_11raw_openapiNtNtCs2w4TRgjrzQ8_9actix_web7service18HttpServiceFactory8register11raw_openapi0Bb_
FN:188,_RNCNvNvXsS_NtNtCs9ofXrUXFSdM_14my_http_server3api4fileNtB9_12get_raw_fileNtNtCs2w4TRgjrzQ8_9actix_web7service18HttpServiceFactory8register12get_raw_file0Bd_
FN:26,_RNCNvNvXs_NtCs9ofXrUXFSdM_14my_http_server3apiNtB8_4docsNtNtCs2w4TRgjrzQ8_9actix_web7service18HttpServiceFactory8register4docs0Ba_
FN:55,_RNCNvNvXsh_NtCs9ofXrUXFSdM_14my_http_server3apiNtB9_4metaNtNtCs2w4TRgjrzQ8_9actix_web7service18HttpServiceFactory8register4meta0Bb_
FN:67,_RNCNvNvXsq_NtCs9ofXrUXFSdM_14my_http_server3apiNtB9_7licenseNtNtCs2w4TRgjrzQ8_9actix_web7service18HttpServiceFactory8register7license0Bb_
FN:463,_RNCNvNvXsw_NtNtCs9ofXrUXFSdM_14my_http_server3api4fileNtB9_12check_existsNtNtCs2w4TRgjrzQ8_9actix_web7service18HttpServiceFactory8register12check_exists0Bd_
FN:348,_RNCNvNvXsx_NtNtCs9ofXrUXFSdM_14my_http_server3api4fileNtB9_10list_filesNtNtCs2w4TRgjrzQ8_9actix_web7service18HttpServiceFactory8register10list_files0Bd_
FN:271,_RNCNvNvXsy_NtNtCs9ofXrUXFSdM_14my_http_server3api4fileNtB9_9file_infoNtNtCs2w4TRgjrzQ8_9actix_web7service18HttpServiceFactory8register9file_info0Bd_
FN:92,_RNvMNtNtCs9ofXrUXFSdM_14my_http_server3api4fileNtB2_15ValidationError13into_response
FN:120,_RNvNtNtCs9ofXrUXFSdM_14my_http_server3api4file18validate_path_base
FN:111,_RNvNtNtCs9ofXrUXFSdM_14my_http_server3api4file25get_canonical_public_path
FN:144,_RNvNtNtCs9ofXrUXFSdM_14my_http_server3api4file25validate_and_resolve_path
FN:157,_RNvNtNtCs9ofXrUXFSdM_14my_http_server3api4file29validate_and_resolve_any_path
FN:164,_RNvNtNtCs9ofXrUXFSdM_14my_http_server3api4file35validate_and_resolve_directory_path
FN:39,_RNvNvXs8_NtCs9ofXrUXFSdM_14my_http_server3apiNtB7_11raw_openapiNtNtCs2w4TRgjrzQ8_9actix_web7service18HttpServiceFactory8register11raw_openapi
FN:188,_RNvNvXsS_NtNtCs9ofXrUXFSdM_14my_http_server3api4fileNtB7_12get_raw_fileNtNtCs2w4TRgjrzQ8_9actix_web7service18HttpServiceFactory8register12get_raw_file
FN:26,_RNvNvXs_NtCs9ofXrUXFSdM_14my_http_server3apiNtB6_4docsNtNtCs2w4TRgjrzQ8_9actix_web7service18HttpServiceFactory8register4docs
FN:55,_RNvNvXsh_NtCs9ofXrUXFSdM_14my_http_server3apiNtB7_4metaNtNtCs2w4TRgjrzQ8_9actix_web7service18HttpServiceFactory8register4meta
FN:67,_RNvNvXsq_NtCs9ofXrUXFSdM_14my_http_server3apiNtB7_7licenseNtNtCs2w4TRgjrzQ8_9actix_web7service18HttpServiceFactory8register7license
FN:463,_RNvNvXsw_NtNtCs9ofXrUXFSdM_14my_http_server3api4fileNtB7_12check_existsNtNtCs2w4TRgjrzQ8_9actix_web7service18HttpServiceFactory8register12check_exists
FN:348,_RNvNvXsx_NtNtCs9ofXrUXFSdM_14my_http_server3api4fileNtB7_10list_filesNtNtCs2w4TRgjrzQ8_9actix_web7service18HttpServiceFactory8register10list_files
FN:271,_RNvNvXsy_NtNtCs9ofXrUXFSdM_14my_http_server3api4fileNtB7_9file_infoNtNtCs2w4TRgjrzQ8_9actix_web7service18HttpServiceFactory8register9file_info
FN:407,_RNCNCNvNvXsx_NtNtCslE1WvBQdpRb_14my_http_server3api4fileNtBb_10list_filesNtNtCs2w4TRgjrzQ8_9actix_web7service18HttpServiceFactory8register10list_files00Bf_
FN:422,_RNCNCNvNvXsx_NtNtCslE1WvBQdpRb_14my_http_server3api4fileNtBb_10list_filesNtNtCs2w4TRgjrzQ8_9actix_web7service18HttpServiceFactory8register10list_files0s0_0Bf_
FN:408,_RNCNCNvNvXsx_NtNtCslE1WvBQdpRb_14my_http_server3api4fileNtBb_10list_filesNtNtCs2w4TRgjrzQ8_9actix_web7service18HttpServiceFactory8register10list_files0s_0Bf_
FN:289,_RNCNCNvNvXsy_NtNtCslE1WvBQdpRb_14my_http_server3api4fileNtBb_9file_infoNtNtCs2w4TRgjrzQ8_9actix_web7service18HttpServiceFactory8register9file_info00Bf_
FN:311,_RNCNCNvNvXsy_NtNtCslE1WvBQdpRb_14my_http_server3api4fileNtBb_9file_infoNtNtCs2w4TRgjrzQ8_9actix_web7service18HttpServiceFactory8register9file_info0s0_0Bf_
FN:312,_RNCNCNvNvXsy_NtNtCslE1WvBQdpRb_14my_http_server3api4fileNtBb_9file_infoNtNtCs2w4TRgjrzQ8_9actix_web7service18HttpServiceFactory8register9file_info0s1_0Bf_
FN:295,_RNCNCNvNvXsy_NtNtCslE1WvBQdpRb_14my_http_server3api4fileNtBb_9file_infoNtNtCs2w4TRgjrzQ8_9actix_web7service18HttpServiceFactory8register9file_info0s_0Bf_
FN:129,_RNCNvNtNtCslE1WvBQdpRb_14my_http_server3api4file18validate_path_base0B7_
FN:113,_RNCNvNtNtCslE1WvBQdpRb_14my_http_server3api4file25get_canonical_public_path0B7_
FN:39,_RNCNvNvXs8_NtCslE1WvBQdpRb_14my_http_server3apiNtB9_11raw_openapiNtNtCs2w4TRgjrzQ8_9actix_web7service18HttpServiceFactory8register11raw_openapi0Bb_
FN:188,_RNCNvNvXsS_NtNtCslE1WvBQdpRb_14my_http_server3api4fileNtB9_12get_raw_fileNtNtCs2w4TRgjrzQ8_9actix_web7service18HttpServiceFactory8register12get_raw_file0Bd_
FN:26,_RNCNvNvXs_NtCslE1WvBQdpRb_14my_http_server3apiNtB8_4docsNtNtCs2w4TRgjrzQ8_9actix_web7service18HttpServiceFactory8register4docs0Ba_
FN:55,_RNCNvNvXsh_NtCslE1WvBQdpRb_14my_http_server3apiNtB9_4metaNtNtCs2w4TRgjrzQ8_9actix_web7service18HttpServiceFactory8register4meta0Bb_
FN:67,_RNCNvNvXsq_NtCslE1WvBQdpRb_14my_http_server3apiNtB9_7licenseNtNtCs2w4TRgjrzQ8_9actix_web7service18HttpServiceFactory8register7license0Bb_
FN:463,_RNCNvNvXsw_NtNtCslE1WvBQdpRb_14my_http_server3api4fileNtB9_12check_existsNtNtCs2w4TRgjrzQ8_9actix_web7service18HttpServiceFactory8register12check_exists0Bd_
FN:348,_RNCNvNvXsx_NtNtCslE1WvBQdpRb_14my_http_server3api4fileNtB9_10list_filesNtNtCs2w4TRgjrzQ8_9actix_web7service18HttpServiceFactory8register10list_files0Bd_
FN:271,_RNCNvNvXsy_NtNtCslE1WvBQdpRb_14my_http_server3api4fileNtB9_9file_infoNtNtCs2w4TRgjrzQ8_9actix_web7service18HttpServiceFactory8register9file_info0Bd_
FN:92,_RNvMNtNtCslE1WvBQdpRb_14my_http_server3api4fileNtB2_15ValidationError13into_response
FN:120,_RNvNtNtCslE1WvBQdpRb_14my_http_server3api4file18validate_path_base
FN:111,_RNvNtNtCslE1WvBQdpRb_14my_http_server3api4file25get_canonical_public_path
FN:144,_RNvNtNtCslE1WvBQdpRb_14my_http_server3api4file25validate_and_resolve_path
FN:157,_RNvNtNtCslE1WvBQdpRb_14my_http_server3api4file29validate_and_resolve_any_path
FN:164,_RNvNtNtCslE1WvBQdpRb_14my_http_server3api4file35validate_and_resolve_directory_path
FN:39,_RNvNvXs8_NtCslE1WvBQdpRb_14my_http_server3apiNtB7_11raw_openapiNtNtCs2w4TRgjrzQ8_9actix_web7service18HttpServiceFactory8register11raw_openapi
FN:188,_RNvNvXsS_NtNtCslE1WvBQdpRb_14my_http_server3api4fileNtB7_12get_raw_fileNtNtCs2w4TRgjrzQ8_9actix_web7service18HttpServiceFactory8register12get_raw_file
FN:26,_RNvNvXs_NtCslE1WvBQdpRb_14my_http_server3apiNtB6_4docsNtNtCs2w4TRgjrzQ8_9actix_web7service18HttpServiceFactory8register4docs
FN:55,_RNvNvXsh_NtCslE1WvBQdpRb_14my_http_server3apiNtB7_4metaNtNtCs2w4TRgjrzQ8_9actix_web7service18HttpServiceFactory8register4meta
FN:67,_RNvNvXsq_NtCslE1WvBQdpRb_14my_http_server3apiNtB7_7licenseNtNtCs2w4TRgjrzQ8_9actix_web7service18HttpServiceFactory8register7license
FN:463,_RNvNvXsw_NtNtCslE1WvBQdpRb_14my_http_server3api4fileNtB7_12check_existsNtNtCs2w4TRgjrzQ8_9actix_web7service18HttpServiceFactory8register12check_exists
FN:348,_RNvNvXsx_NtNtCslE1WvBQdpRb_14my_http_server3api4fileNtB7_10list_filesNtNtCs2w4TRgjrzQ8_9actix_web7service18HttpServiceFactory8register10list_files
FN:271,_RNvNvXsy_NtNtCslE1WvBQdpRb_14my_http_server3api4fileNtB7_9file_infoNtNtCs2w4TRgjrzQ8_9actix_web7service18HttpServiceFactory8register9file_info
FNDA:0,_RNCNCNvNvXsx_NtNtCs9ofXrUXFSdM_14my_http_server3api4fileNtBb_10list_filesNtNtCs2w4TRgjrzQ8_9actix_web7service18HttpServiceFactory8register10list_files00Bf_
FNDA:0,_RNCNCNvNvXsx_NtNtCs9ofXrUXFSdM_14my_http_server3api4fileNtBb_10list_filesNtNtCs2w4TRgjrzQ8_9actix_web7service18HttpServiceFactory8register10list_files0s0_0Bf_
FNDA:0,_RNCNCNvNvXsx_NtNtCs9ofXrUXFSdM_14my_http_server3api4fileNtBb_10list_filesNtNtCs2w4TRgjrzQ8_9actix_web7service18HttpServiceFactory8register10list_files0s_0Bf_
FNDA:0,_RNCNCNvNvXsy_NtNtCs9ofXrUXFSdM_14my_http_server3api4fileNtBb_9file_infoNtNtCs2w4TRgjrzQ8_9actix_web7service18HttpServiceFactory8register9file_info00Bf_
FNDA:0,_RNCNCNvNvXsy_NtNtCs9ofXrUXFSdM_14my_http_server3api4fileNtBb_9file_infoNtNtCs2w4TRgjrzQ8_9actix_web7service18HttpServiceFactory8register9file_info0s0_0Bf_
FNDA:0,_RNCNCNvNvXsy_NtNtCs9ofXrUXFSdM_14my_http_server3api4fileNtBb_9file_infoNtNtCs2w4TRgjrzQ8_9actix_web7service18HttpServiceFactory8register9file_info0s1_0Bf_
FNDA:0,_RNCNCNvNvXsy_NtNtCs9ofXrUXFSdM_14my_http_server3api4fileNtBb_9file_infoNtNtCs2w4TRgjrzQ8_9actix_web7service18HttpServiceFactory8register9file_info0s_0Bf_
FNDA:0,_RNCNvNtNtCs9ofXrUXFSdM_14my_http_server3api4file18validate_path_base0B7_
FNDA:0,_RNCNvNtNtCs9ofXrUXFSdM_14my_http_server3api4file25get_canonical_public_path0B7_
FNDA:0,_RNCNvNvXs8_NtCs9ofXrUXFSdM_14my_http_server3apiNtB9_11raw_openapiNtNtCs2w4TRgjrzQ8_9actix_web7service18HttpServiceFactory8register11raw_openapi0Bb_
FNDA:0,_RNCNvNvXsS_NtNtCs9ofXrUXFSdM_14my_http_server3api4fileNtB9_12get_raw_fileNtNtCs2w4TRgjrzQ8_9actix_web7service18HttpServiceFactory8register12get_raw_file0Bd_
FNDA:0,_RNCNvNvXs_NtCs9ofXrUXFSdM_14my_http_server3apiNtB8_4docsNtNtCs2w4TRgjrzQ8_9actix_web7service18HttpServiceFactory8register4docs0Ba_
FNDA:0,_RNCNvNvXsh_NtCs9ofXrUXFSdM_14my_http_server3apiNtB9_4metaNtNtCs2w4TRgjrzQ8_9actix_web7service18HttpServiceFactory8register4meta0Bb_
FNDA:0,_RNCNvNvXsq_NtCs9ofXrUXFSdM_14my_http_server3apiNtB9_7licenseNtNtCs2w4TRgjrzQ8_9actix_web7service18HttpServiceFactory8register7license0Bb_
FNDA:0,_RNCNvNvXsw_NtNtCs9ofXrUXFSdM_14my_http_server3api4fileNtB9_12check_existsNtNtCs2w4TRgjrzQ8_9actix_web7service18HttpServiceFactory8register12check_exists0Bd_
FNDA:0,_RNCNvNvXsx_NtNtCs9ofXrUXFSdM_14my_http_server3api4fileNtB9_10list_filesNtNtCs2w4TRgjrzQ8_9actix_web7service18HttpServiceFactory8register10list_files0Bd_
FNDA:0,_RNCNvNvXsy_NtNtCs9ofXrUXFSdM_14my_http_server3api4fileNtB9_9file_infoNtNtCs2w4TRgjrzQ8_9actix_web7service18HttpServiceFactory8register9file_info0Bd_
FNDA:0,_RNvMNtNtCs9ofXrUXFSdM_14my_http_server3api4fileNtB2_15ValidationError13into_response
FNDA:0,_RNvNtNtCs9ofXrUXFSdM_14my_http_server3api4file18validate_path_base
FNDA:0,_RNvNtNtCs9ofXrUXFSdM_14my_http_server3api4file25get_canonical_public_path
FNDA:0,_RNvNtNtCs9ofXrUXFSdM_14my_http_server3api4file25validate_and_resolve_path
FNDA:0,_RNvNtNtCs9ofXrUXFSdM_14my_http_server3api4file29validate_and_resolve_any_path
FNDA:0,_RNvNtNtCs9ofXrUXFSdM_14my_http_server3api4file35validate_and_resolve_directory_path
FNDA:0,_RNvNvXs8_NtCs9ofXrUXFSdM_14my_http_server3apiNtB7_11raw_openapiNtNtCs2w4TRgjrzQ8_9actix_web7service18HttpServiceFactory8register11raw_openapi
FNDA:0,_RNvNvXsS_NtNtCs9ofXrUXFSdM_14my_http_server3api4fileNtB7_12get_raw_fileNtNtCs2w4TRgjrzQ8_9actix_web7service18HttpServiceFactory8register12get_raw_file
FNDA:0,_RNvNvXs_NtCs9ofXrUXFSdM_14my_http_server3apiNtB6_4docsNtNtCs2w4TRgjrzQ8_9actix_web7service18HttpServiceFactory8register4docs
FNDA:0,_RNvNvXsh_NtCs9ofXrUXFSdM_14my_http_server3apiNtB7_4metaNtNtCs2w4TRgjrzQ8_9actix_web7service18HttpServiceFactory8register4meta
FNDA:0,_RNvNvXsq_NtCs9ofXrUXFSdM_14my_http_server3apiNtB7_7licenseNtNtCs2w4TRgjrzQ8_9actix_web7service18HttpServiceFactory8register7license
FNDA:0,_RNvNvXsw_NtNtCs9ofXrUXFSdM_14my_http_server3api4fileNtB7_12check_existsNtNtCs2w4TRgjrzQ8_9actix_web7service18HttpServiceFactory8register12check_exists
FNDA:0,_RNvNvXsx_NtNtCs9ofXrUXFSdM_14my_http_server3api4fileNtB7_10list_filesNtNtCs2w4TRgjrzQ8_9actix_web7service18HttpServiceFactory8register10list_files
FNDA:0,_RNvNvXsy_NtNtCs9ofXrUXFSdM_14my_http_server3api4fileNtB7_9file_infoNtNtCs2w4TRgjrzQ8_9actix_web7service18HttpServiceFactory8register9file_info
FNDA:0,_RNCNCNvNvXsx_NtNtCslE1WvBQdpRb_14my_http_server3api4fileNtBb_10list_filesNtNtCs2w4TRgjrzQ8_9actix_web7service18HttpServiceFactory8register10list_files00Bf_
FNDA:0,_RNCNCNvNvXsx_NtNtCslE1WvBQdpRb_14my_http_server3api4fileNtBb_10list_filesNtNtCs2w4TRgjrzQ8_9actix_web7service18HttpServiceFactory8register10list_files0s0_0Bf_
FNDA:0,_RNCNCNvNvXsx_NtNtCslE1WvBQdpRb_14my_http_server3api4fileNtBb_10list_filesNtNtCs2w4TRgjrzQ8_9actix_web7service18HttpServiceFactory8register10list_files0s_0Bf_
FNDA:0,_RNCNCNvNvXsy_NtNtCslE1WvBQdpRb_14my_http_server3api4fileNtBb_9file_infoNtNtCs2w4TRgjrzQ8_9actix_web7service18HttpServiceFactory8register9file_info00Bf_
FNDA:0,_RNCNCNvNvXsy_NtNtCslE1WvBQdpRb_14my_http_server3api4fileNtBb_9file_infoNtNtCs2w4TRgjrzQ8_9actix_web7service18HttpServiceFactory8register9file_info0s0_0Bf_
FNDA:0,_RNCNCNvNvXsy_NtNtCslE1WvBQdpRb_14my_http_server3api4fileNtBb_9file_infoNtNtCs2w4TRgjrzQ8_9actix_web7service18HttpServiceFactory8register9file_info0s1_0Bf_
FNDA:0,_RNCNCNvNvXsy_NtNtCslE1WvBQdpRb_14my_http_server3api4fileNtBb_9file_infoNtNtCs2w4TRgjrzQ8_9actix_web7service18HttpServiceFactory8register9file_info0s_0Bf_
FNDA:0,_RNCNvNtNtCslE1WvBQdpRb_14my_http_server3api4file18validate_path_base0B7_
FNDA:0,_RNCNvNtNtCslE1WvBQdpRb_14my_http_server3api4file25get_canonical_public_path0B7_
FNDA:0,_RNCNvNvXs8_NtCslE1WvBQdpRb_14my_http_server3apiNtB9_11raw_openapiNtNtCs2w4TRgjrzQ8_9actix_web7service18HttpServiceFactory8register11raw_openapi0Bb_
FNDA:0,_RNCNvNvXsS_NtNtCslE1WvBQdpRb_14my_http_server3api4fileNtB9_12get_raw_fileNtNtCs2w4TRgjrzQ8_9actix_web7service18HttpServiceFactory8register12get_raw_file0Bd_
FNDA:0,_RNCNvNvXs_NtCslE1WvBQdpRb_14my_http_server3apiNtB8_4docsNtNtCs2w4TRgjrzQ8_9actix_web7service18HttpServiceFactory8register4docs0Ba_
FNDA:0,_RNCNvNvXsh_NtCslE1WvBQdpRb_14my_http_server3apiNtB9_4metaNtNtCs2w4TRgjrzQ8_9actix_web7service18HttpServiceFactory8register4meta0Bb_
FNDA:0,_RNCNvNvXsq_NtCslE1WvBQdpRb_14my_http_server3apiNtB9_7licenseNtNtCs2w4TRgjrzQ8_9actix_web7service18HttpServiceFactory8register7license0Bb_
FNDA:0,_RNCNvNvXsw_NtNtCslE1WvBQdpRb_14my_http_server3api4fileNtB9_12check_existsNtNtCs2w4TRgjrzQ8_9actix_web7service18HttpServiceFactory8register12check_exists0Bd_
FNDA:0,_RNCNvNvXsx_NtNtCslE1WvBQdpRb_14my_http_server3api4fileNtB9_10list_filesNtNtCs2w4TRgjrzQ8_9actix_web7service18HttpServiceFactory8register10list_files0Bd_
FNDA:0,_RNCNvNvXsy_NtNtCslE1WvBQdpRb_14my_http_server3api4fileNtB9_9file_infoNtNtCs2w4TRgjrzQ8_9actix_web7service18HttpServiceFactory8register9file_info0Bd_
FNDA:0,_RNvMNtNtCslE1WvBQdpRb_14my_http_server3api4fileNtB2_15ValidationError13into_response
FNDA:0,_RNvNtNtCslE1WvBQdpRb_14my_http_server3api4file18validate_path_base
FNDA:0,_RNvNtNtCslE1WvBQdpRb_14my_http_server3api4file25get_canonical_public_path
FNDA:0,_RNvNtNtCslE1WvBQdpRb_14my_http_server3api4file25validate_and_resolve_path
FNDA:0,_RNvNtNtCslE1WvBQdpRb_14my_http_server3api4file29validate_and_resolve_any_path
FNDA:0,_RNvNtNtCslE1WvBQdpRb_14my_http_server3api4file35validate_and_resolve_directory_path
FNDA:0,_RNvNvXs8_NtCslE1WvBQdpRb_14my_http_server3apiNtB7_11raw_openapiNtNtCs2w4TRgjrzQ8_9actix_web7service18HttpServiceFactory8register11raw_openapi
FNDA:0,_RNvNvXsS_NtNtCslE1WvBQdpRb_14my_http_server3api4fileNtB7_12get_raw_fileNtNtCs2w4TRgjrzQ8_9actix_web7service18HttpServiceFactory8register12get_raw_file
FNDA:0,_RNvNvXs_NtCslE1WvBQdpRb_14my_http_server3apiNtB6_4docsNtNtCs2w4TRgjrzQ8_9actix_web7service18HttpServiceFactory8register4docs
FNDA:0,_RNvNvXsh_NtCslE1WvBQdpRb_14my_http_server3apiNtB7_4metaNtNtCs2w4TRgjrzQ8_9actix_web7service18HttpServiceFactory8register4meta
FNDA:0,_RNvNvXsq_NtCslE1WvBQdpRb_14my_http_server3apiNtB7_7licenseNtNtCs2w4TRgjrzQ8_9actix_web7service18HttpServiceFactory8register7license
FNDA:0,_RNvNvXsw_NtNtCslE1WvBQdpRb_14my_http_server3api4fileNtB7_12check_existsNtNtCs2w4TRgjrzQ8_9actix_web7service18HttpServiceFactory8register12check_exists
FNDA:0,_RNvNvXsx_NtNtCslE1WvBQdpRb_14my_http_server3api4fileNtB7_10list_filesNtNtCs2w4TRgjrzQ8_9actix_web7service18HttpServiceFactory8register10list_files
FNDA:0,_RNvNvXsy_NtNtCslE1WvBQdpRb_14my_http_server3api4fileNtB7_9file_infoNtNtCs2w4TRgjrzQ8_9actix_web7service18HttpServiceFactory8register9file_info
FNF:31
FNH:0
DA:26,0
DA:27,0
DA:28,0
DA:29,0
DA:30,0
DA:39,0
DA:40,0
DA:41,0
DA:42,0
DA:43,0
DA:45,0
DA:55,0
DA:56,0
DA:57,0
DA:67,0
DA:68,0
DA:69,0
DA:92,0
DA:93,0
DA:94,0
DA:95,0
DA:96,0
DA:97,0
DA:99,0
DA:100,0
DA:101,0
DA:102,0
DA:104,0
DA:111,0
DA:112,0
DA:113,0
DA:114,0
DA:115,0
DA:116,0
DA:117,0
DA:120,0
DA:121,0
DA:122,0
DA:123,0
DA:124,0
DA:125,0
DA:126,0
DA:128,0
DA:129,0
DA:130,0
DA:131,0
DA:133,0
DA:135,0
DA:137,0
DA:138,0
DA:139,0
DA:141,0
DA:142,0
DA:144,0
DA:145,0
DA:146,0
DA:147,0
DA:148,0
DA:150,0
DA:151,0
DA:152,0
DA:154,0
DA:155,0
DA:157,0
DA:158,0
DA:159,0
DA:160,0
DA:161,0
DA:162,0
DA:164,0
DA:165,0
DA:166,0
DA:167,0
DA:168,0
DA:170,0
DA:171,0
DA:172,0
DA:174,0
DA:175,0
DA:188,0
DA:189,0
DA:190,0
DA:191,0
DA:194,0
DA:195,0
DA:196,0
DA:199,0
DA:200,0
DA:201,0
DA:203,0
DA:271,0
DA:272,0
DA:273,0
DA:274,0
DA:277,0
DA:278,0
DA:279,0
DA:282,0
DA:283,0
DA:284,0
DA:287,0
DA:288,0
DA:289,0
DA:290,0
DA:291,0
DA:293,0
DA:294,0
DA:295,0
DA:296,0
DA:297,0
DA:298,0
DA:299,0
DA:300,0
DA:302,0
DA:303,0
DA:305,0
DA:308,0
DA:309,0
DA:310,0
DA:311,0
DA:312,0
DA:314,0
DA:315,0
DA:316,0
DA:317,0
DA:318,0
DA:319,0
DA:320,0
DA:321,0
DA:323,0
DA:324,0
DA:348,0
DA:349,0
DA:350,0
DA:351,0
DA:354,0
DA:355,0
DA:356,0
DA:359,0
DA:360,0
DA:361,0
DA:362,0
DA:365,0
DA:366,0
DA:367,0
DA:368,0
DA:369,0
DA:370,0
DA:371,0
DA:375,0
DA:376,0
DA:377,0
DA:378,0
DA:379,0
DA:380,0
DA:384,0
DA:386,0
DA:387,0
DA:388,0
DA:389,0
DA:390,0
DA:391,0
DA:394,0
DA:398,0
DA:399,0
DA:401,0
DA:404,0
DA:405,0
DA:406,0
DA:407,0
DA:408,0
DA:410,0
DA:411,0
DA:412,0
DA:413,0
DA:414,0
DA:415,0
DA:416,0
DA:417,0
DA:422,0
DA:424,0
DA:425,0
DA:426,0
DA:427,0
DA:428,0
DA:430,0
DA:431,0
DA:432,0
DA:433,0
DA:435,0
DA:436,0
DA:463,0
DA:464,0
DA:465,0
DA:466,0
DA:469,0
DA:470,0
DA:472,0
DA:473,0
DA:474,0
DA:475,0
DA:477,0
DA:480,0
DA:481,0
DA:482,0
DA:483,0
DA:485,0
DA:488,0
DA:489,0
DA:490,0
DA:491,0
DA:492,0
BRF:0
BRH:0
LF:230
LH:0
end_of_record
SF:C:\Users\pl816\OneDrive\文件\git\my-http-server\src\cofg\cli.rs
FN:112,_RNvMs0_NtNtCsJUKjIpJSKG_14my_http_server4cofg3cliNtB5_4Args16config_file_path
FN:78,_RNvXNtNtCsJUKjIpJSKG_14my_http_server4cofg3cliNtNtB4_6config9CofgAddrsINtNtCsgS7EKHCc5jD_4core7convert7TryFromRNtB2_4ArgsE8try_from
FN:93,_RNvXs_NtNtCsJUKjIpJSKG_14my_http_server4cofg3cliNtNtB6_6config9CofgAddrsINtNtCsgS7EKHCc5jD_4core7convert7TryFromNtB4_4ArgsE8try_from
FN:112,_RNvMs0_NtNtCsgBNAdYuGUwB_14my_http_server4cofg3cliNtB5_4Args16config_file_path
FN:78,_RNvXNtNtCsgBNAdYuGUwB_14my_http_server4cofg3cliNtNtB4_6config9CofgAddrsINtNtCsgS7EKHCc5jD_4core7convert7TryFromRNtB2_4ArgsE8try_from
FN:93,_RNvXs_NtNtCsgBNAdYuGUwB_14my_http_server4cofg3cliNtNtB6_6config9CofgAddrsINtNtCsgS7EKHCc5jD_4core7convert7TryFromNtB4_4ArgsE8try_from
FN:78,_RNvXNtNtCs9ofXrUXFSdM_14my_http_server4cofg3cliNtNtB4_6config9CofgAddrsINtNtCsgS7EKHCc5jD_4core7convert7TryFromRNtB2_4ArgsE8try_from
FN:93,_RNvXs_NtNtCs9ofXrUXFSdM_14my_http_server4cofg3cliNtNtB6_6config9CofgAddrsINtNtCsgS7EKHCc5jD_4core7convert7TryFromNtB4_4ArgsE8try_from
FN:112,_RNvMs0_NtNtCs9ofXrUXFSdM_14my_http_server4cofg3cliNtB5_4Args16config_file_path
FN:78,_RNvXNtNtCslE1WvBQdpRb_14my_http_server4cofg3cliNtNtB4_6config9CofgAddrsINtNtCsgS7EKHCc5jD_4core7convert7TryFromRNtB2_4ArgsE8try_from
FN:93,_RNvXs_NtNtCslE1WvBQdpRb_14my_http_server4cofg3cliNtNtB6_6config9CofgAddrsINtNtCsgS7EKHCc5jD_4core7convert7TryFromNtB4_4ArgsE8try_from
FN:112,_RNvMs0_NtNtCslE1WvBQdpRb_14my_http_server4cofg3cliNtB5_4Args16config_file_path
FNDA:16,_RNvMs0_NtNtCsJUKjIpJSKG_14my_http_server4cofg3cliNtB5_4Args16config_file_path
FNDA:4,_RNvXNtNtCsJUKjIpJSKG_14my_http_server4cofg3cliNtNtB4_6config9CofgAddrsINtNtCsgS7EKHCc5jD_4core7convert7TryFromRNtB2_4ArgsE8try_from
FNDA:1,_RNvXs_NtNtCsJUKjIpJSKG_14my_http_server4cofg3cliNtNtB6_6config9CofgAddrsINtNtCsgS7EKHCc5jD_4core7convert7TryFromNtB4_4ArgsE8try_from
FNDA:16,_RNvMs0_NtNtCsgBNAdYuGUwB_14my_http_server4cofg3cliNtB5_4Args16config_file_path
FNDA:4,_RNvXNtNtCsgBNAdYuGUwB_14my_http_server4cofg3cliNtNtB4_6config9CofgAddrsINtNtCsgS7EKHCc5jD_4core7convert7TryFromRNtB2_4ArgsE8try_from
FNDA:1,_RNvXs_NtNtCsgBNAdYuGUwB_14my_http_server4cofg3cliNtNtB6_6config9CofgAddrsINtNtCsgS7EKHCc5jD_4core7convert7TryFromNtB4_4ArgsE8try_from
FNDA:4,_RNvXNtNtCs9ofXrUXFSdM_14my_http_server4cofg3cliNtNtB4_6config9CofgAddrsINtNtCsgS7EKHCc5jD_4core7convert7TryFromRNtB2_4ArgsE8try_from
FNDA:1,_RNvXs_NtNtCs9ofXrUXFSdM_14my_http_server4cofg3cliNtNtB6_6config9CofgAddrsINtNtCsgS7EKHCc5jD_4core7convert7TryFromNtB4_4ArgsE8try_from
FNDA:16,_RNvMs0_NtNtCs9ofXrUXFSdM_14my_http_server4cofg3cliNtB5_4Args16config_file_path
FNDA:4,_RNvXNtNtCslE1WvBQdpRb_14my_http_server4cofg3cliNtNtB4_6config9CofgAddrsINtNtCsgS7EKHCc5jD_4core7convert7TryFromRNtB2_4ArgsE8try_from
FNDA:1,_RNvXs_NtNtCslE1WvBQdpRb_14my_http_server4cofg3cliNtNtB6_6config9CofgAddrsINtNtCsgS7EKHCc5jD_4core7convert7TryFromNtB4_4ArgsE8try_from
FNDA:16,_RNvMs0_NtNtCslE1WvBQdpRb_14my_http_server4cofg3cliNtB5_4Args16config_file_path
FNF:3
FNH:3
DA:78,16
DA:79,16
DA:80,4
DA:81,4
DA:82,4
DA:83,4
DA:85,12
DA:87,16
DA:93,4
DA:94,4
DA:95,4
DA:96,4
DA:97,4
DA:98,4
DA:100,0
DA:102,4
DA:112,64
DA:113,64
DA:114,48
DA:115,16
DA:116,8
DA:118,8
DA:120,64
BRF:0
BRH:0
LF:23
LH:22
end_of_record
SF:C:\Users\pl816\OneDrive\文件\git\my-http-server\src\cofg\config.rs
FN:413,_RNCNCNvMs_NtNtCsJUKjIpJSKG_14my_http_server4cofg6configNtB8_4Cofg10get_global00Bc_
FN:411,_RNCNvMs_NtNtCsJUKjIpJSKG_14my_http_server4cofg6configNtB6_4Cofg10get_global0Ba_
FN:446,_RNCNvMs_NtNtCsJUKjIpJSKG_14my_http_server4cofg6configNtB6_4Cofg10get_globals_0Ba_
FN:457,_RNCNvMs_NtNtCsJUKjIpJSKG_14my_http_server4cofg6configNtB6_4Cofg11init_global0Ba_
FN:398,_RNCNvMs_NtNtCsJUKjIpJSKG_14my_http_server4cofg6configNtB6_4Cofg3get0Ba_
FN:410,_RNvMs_NtNtCsJUKjIpJSKG_14my_http_server4cofg6configNtB4_4Cofg10get_global
FN:454,_RNvMs_NtNtCsJUKjIpJSKG_14my_http_server4cofg6configNtB4_4Cofg11init_global
FN:341,_RNvMs_NtNtCsJUKjIpJSKG_14my_http_server4cofg6configNtB4_4Cofg14load_from_disk
FN:287,_RNvMs_NtNtCsJUKjIpJSKG_14my_http_server4cofg6configNtB4_4Cofg21resolve_page_404_path
FN:346,_RNvMs_NtNtCsJUKjIpJSKG_14my_http_server4cofg6configNtB4_4Cofg22load_from_disk_or_init
FN:397,_RNvMs_NtNtCsJUKjIpJSKG_14my_http_server4cofg6configNtB4_4Cofg3get
FN:358,_RINvMs_NtNtCsJUKjIpJSKG_14my_http_server4cofg6configNtB5_4Cofg15new_from_sourceINtNtCsaG2qCFH5KCO_6config4file4FileNtNtNtB1i_6source6string16FileSourceStringNtNtB1i_6format10FileFormatEEB9_
FN:153,_RNCNvMs_NtNtCsJUKjIpJSKG_14my_http_server4cofg6configNtB6_4Cofg13get_xdg_paths0Ba_
FN:181,_RNvMs_NtNtCsJUKjIpJSKG_14my_http_server4cofg6configNtB4_4Cofg11new_layered
FN:370,_RNvMs_NtNtCsJUKjIpJSKG_14my_http_server4cofg6configNtB4_4Cofg12new_from_str
FN:152,_RNvMs_NtNtCsJUKjIpJSKG_14my_http_server4cofg6configNtB4_4Cofg13get_xdg_paths
FN:317,_RNvMs_NtNtCsJUKjIpJSKG_14my_http_server4cofg6configNtB4_4Cofg16resolve_hbs_path
FN:230,_RNvMs_NtNtCsJUKjIpJSKG_14my_http_server4cofg6configNtB4_4Cofg19apply_cli_overrides
FN:166,_RNvMs_NtNtCsJUKjIpJSKG_14my_http_server4cofg6configNtB4_4Cofg19get_xdg_config_path
FN:374,_RNvMs_NtNtCsJUKjIpJSKG_14my_http_server4cofg6configNtB4_4Cofg28configure_default_extensions
FN:132,_RNvXNtNtCsJUKjIpJSKG_14my_http_server4cofg6configNtB2_4CofgNtNtCsgS7EKHCc5jD_4core7default7Default7default
FN:476,_RNvXs0_NtNtCsJUKjIpJSKG_14my_http_server4cofg6configNtB5_9CofgAddrsNtNtCsgS7EKHCc5jD_4core3fmt7Display3fmt
FN:485,_RNvXs1_NtNtCsJUKjIpJSKG_14my_http_server4cofg6configNtB5_9CofgAddrsNtNtNtCslP1BYCnN0Ot_3std3net11socket_addr13ToSocketAddrs15to_socket_addrs
FN:358,_RINvMs_NtNtCsgBNAdYuGUwB_14my_http_server4cofg6configNtB5_4Cofg15new_from_sourceINtNtCsaG2qCFH5KCO_6config4file4FileNtNtNtB1j_6source6string16FileSourceStringNtNtB1j_6format10FileFormatEEB9_
FN:153,_RNCNvMs_NtNtCsgBNAdYuGUwB_14my_http_server4cofg6configNtB6_4Cofg13get_xdg_paths0Ba_
FN:181,_RNvMs_NtNtCsgBNAdYuGUwB_14my_http_server4cofg6configNtB4_4Cofg11new_layered
FN:370,_RNvMs_NtNtCsgBNAdYuGUwB_14my_http_server4cofg6configNtB4_4Cofg12new_from_str
FN:152,_RNvMs_NtNtCsgBNAdYuGUwB_14my_http_server4cofg6configNtB4_4Cofg13get_xdg_paths
FN:317,_RNvMs_NtNtCsgBNAdYuGUwB_14my_http_server4cofg6configNtB4_4Cofg16resolve_hbs_path
FN:230,_RNvMs_NtNtCsgBNAdYuGUwB_14my_http_server4cofg6configNtB4_4Cofg19apply_cli_overrides
FN:166,_RNvMs_NtNtCsgBNAdYuGUwB_14my_http_server4cofg6configNtB4_4Cofg19get_xdg_config_path
FN:374,_RNvMs_NtNtCsgBNAdYuGUwB_14my_http_server4cofg6configNtB4_4Cofg28configure_default_extensions
FN:132,_RNvXNtNtCsgBNAdYuGUwB_14my_http_server4cofg6configNtB2_4CofgNtNtCsgS7EKHCc5jD_4core7default7Default7default
FN:476,_RNvXs0_NtNtCsgBNAdYuGUwB_14my_http_server4cofg6configNtB5_9CofgAddrsNtNtCsgS7EKHCc5jD_4core3fmt7Display3fmt
FN:485,_RNvXs1_NtNtCsgBNAdYuGUwB_14my_http_server4cofg6configNtB5_9CofgAddrsNtNtNtCslP1BYCnN0Ot_3std3net11socket_addr13ToSocketAddrs15to_socket_addrs
FN:413,_RNCNCNvMs_NtNtCsgBNAdYuGUwB_14my_http_server4cofg6configNtB8_4Cofg10get_global00Bc_
FN:411,_RNCNvMs_NtNtCsgBNAdYuGUwB_14my_http_server4cofg6configNtB6_4Cofg10get_global0Ba_
FN:446,_RNCNvMs_NtNtCsgBNAdYuGUwB_14my_http_server4cofg6configNtB6_4Cofg10get_globals_0Ba_
FN:457,_RNCNvMs_NtNtCsgBNAdYuGUwB_14my_http_server4cofg6configNtB6_4Cofg11init_global0Ba_
FN:398,_RNCNvMs_NtNtCsgBNAdYuGUwB_14my_http_server4cofg6configNtB6_4Cofg3get0Ba_
FN:410,_RNvMs_NtNtCsgBNAdYuGUwB_14my_http_server4cofg6configNtB4_4Cofg10get_global
FN:454,_RNvMs_NtNtCsgBNAdYuGUwB_14my_http_server4cofg6configNtB4_4Cofg11init_global
FN:341,_RNvMs_NtNtCsgBNAdYuGUwB_14my_http_server4cofg6configNtB4_4Cofg14load_from_disk
FN:287,_RNvMs_NtNtCsgBNAdYuGUwB_14my_http_server4cofg6configNtB4_4Cofg21resolve_page_404_path
FN:346,_RNvMs_NtNtCsgBNAdYuGUwB_14my_http_server4cofg6configNtB4_4Cofg22load_from_disk_or_init
FN:397,_RNvMs_NtNtCsgBNAdYuGUwB_14my_http_server4cofg6configNtB4_4Cofg3get
FN:413,_RNCNCNvMs_NtNtCs9ofXrUXFSdM_14my_http_server4cofg6configNtB8_4Cofg10get_global00Bc_
FN:411,_RNCNvMs_NtNtCs9ofXrUXFSdM_14my_http_server4cofg6configNtB6_4Cofg10get_global0Ba_
FN:446,_RNCNvMs_NtNtCs9ofXrUXFSdM_14my_http_server4cofg6configNtB6_4Cofg10get_globals_0Ba_
FN:457,_RNCNvMs_NtNtCs9ofXrUXFSdM_14my_http_server4cofg6configNtB6_4Cofg11init_global0Ba_
FN:398,_RNCNvMs_NtNtCs9ofXrUXFSdM_14my_http_server4cofg6configNtB6_4Cofg3get0Ba_
FN:410,_RNvMs_NtNtCs9ofXrUXFSdM_14my_http_server4cofg6configNtB4_4Cofg10get_global
FN:454,_RNvMs_NtNtCs9ofXrUXFSdM_14my_http_server4cofg6configNtB4_4Cofg11init_global
FN:341,_RNvMs_NtNtCs9ofXrUXFSdM_14my_http_server4cofg6configNtB4_4Cofg14load_from_disk
FN:287,_RNvMs_NtNtCs9ofXrUXFSdM_14my_http_server4cofg6configNtB4_4Cofg21resolve_page_404_path
FN:346,_RNvMs_NtNtCs9ofXrUXFSdM_14my_http_server4cofg6configNtB4_4Cofg22load_from_disk_or_init
FN:397,_RNvMs_NtNtCs9ofXrUXFSdM_14my_http_server4cofg6configNtB4_4Cofg3get
FN:181,_RNvMs_NtNtCs9ofXrUXFSdM_14my_http_server4cofg6configNtB4_4Cofg11new_layered
FN:370,_RNvMs_NtNtCs9ofXrUXFSdM_14my_http_server4cofg6configNtB4_4Cofg12new_from_str
FN:152,_RNvMs_NtNtCs9ofXrUXFSdM_14my_http_server4cofg6configNtB4_4Cofg13get_xdg_paths
FN:317,_RNvMs_NtNtCs9ofXrUXFSdM_14my_http_server4cofg6configNtB4_4Cofg16resolve_hbs_path
FN:230,_RNvMs_NtNtCs9ofXrUXFSdM_14my_http_server4cofg6configNtB4_4Cofg19apply_cli_overrides
FN:166,_RNvMs_NtNtCs9ofXrUXFSdM_14my_http_server4cofg6configNtB4_4Cofg19get_xdg_config_path
FN:374,_RNvMs_NtNtCs9ofXrUXFSdM_14my_http_server4cofg6configNtB4_4Cofg28configure_default_extensions
FN:132,_RNvXNtNtCs9ofXrUXFSdM_14my_http_server4cofg6configNtB2_4CofgNtNtCsgS7EKHCc5jD_4core7default7Default7default
FN:476,_RNvXs0_NtNtCs9ofXrUXFSdM_14my_http_server4cofg6configNtB5_9CofgAddrsNtNtCsgS7EKHCc5jD_4core3fmt7Display3fmt
FN:485,_RNvXs1_NtNtCs9ofXrUXFSdM_14my_http_server4cofg6configNtB5_9CofgAddrsNtNtNtCslP1BYCnN0Ot_3std3net11socket_addr13ToSocketAddrs15to_socket_addrs
FN:358,_RINvMs_NtNtCs9ofXrUXFSdM_14my_http_server4cofg6configNtB5_4Cofg15new_from_sourceINtNtCsaG2qCFH5KCO_6config4file4FileNtNtNtB1j_6source6string16FileSourceStringNtNtB1j_6format10FileFormatEEB9_
FN:153,_RNCNvMs_NtNtCs9ofXrUXFSdM_14my_http_server4cofg6configNtB6_4Cofg13get_xdg_paths0Ba_
FN:181,_RNvMs_NtNtCslE1WvBQdpRb_14my_http_server4cofg6configNtB4_4Cofg11new_layered
FN:370,_RNvMs_NtNtCslE1WvBQdpRb_14my_http_server4cofg6configNtB4_4Cofg12new_from_str
FN:152,_RNvMs_NtNtCslE1WvBQdpRb_14my_http_server4cofg6configNtB4_4Cofg13get_xdg_paths
FN:317,_RNvMs_NtNtCslE1WvBQdpRb_14my_http_server4cofg6configNtB4_4Cofg16resolve_hbs_path
FN:230,_RNvMs_NtNtCslE1WvBQdpRb_14my_http_server4cofg6configNtB4_4Cofg19apply_cli_overrides
FN:166,_RNvMs_NtNtCslE1WvBQdpRb_14my_http_server4cofg6configNtB4_4Cofg19get_xdg_config_path
FN:374,_RNvMs_NtNtCslE1WvBQdpRb_14my_http_server4cofg6configNtB4_4Cofg28configure_default_extensions
FN:132,_RNvXNtNtCslE1WvBQdpRb_14my_http_server4cofg6configNtB2_4CofgNtNtCsgS7EKHCc5jD_4core7default7Default7default
FN:476,_RNvXs0_NtNtCslE1WvBQdpRb_14my_http_server4cofg6configNtB5_9CofgAddrsNtNtCsgS7EKHCc5jD_4core3fmt7Display3fmt
FN:485,_RNvXs1_NtNtCslE1WvBQdpRb_14my_http_server4cofg6configNtB5_9CofgAddrsNtNtNtCslP1BYCnN0Ot_3std3net11socket_addr13ToSocketAddrs15to_socket_addrs
FN:413,_RNCNCNvMs_NtNtCslE1WvBQdpRb_14my_http_server4cofg6configNtB8_4Cofg10get_global00Bc_
FN:411,_RNCNvMs_NtNtCslE1WvBQdpRb_14my_http_server4cofg6configNtB6_4Cofg10get_global0Ba_
FN:446,_RNCNvMs_NtNtCslE1WvBQdpRb_14my_http_server4cofg6configNtB6_4Cofg10get_globals_0Ba_
FN:457,_RNCNvMs_NtNtCslE1WvBQdpRb_14my_http_server4cofg6configNtB6_4Cofg11init_global0Ba_
FN:398,_RNCNvMs_NtNtCslE1WvBQdpRb_14my_http_server4cofg6configNtB6_4Cofg3get0Ba_
FN:410,_RNvMs_NtNtCslE1WvBQdpRb_14my_http_server4cofg6configNtB4_4Cofg10get_global
FN:454,_RNvMs_NtNtCslE1WvBQdpRb_14my_http_server4cofg6configNtB4_4Cofg11init_global
FN:341,_RNvMs_NtNtCslE1WvBQdpRb_14my_http_server4cofg6configNtB4_4Cofg14load_from_disk
FN:287,_RNvMs_NtNtCslE1WvBQdpRb_14my_http_server4cofg6configNtB4_4Cofg21resolve_page_404_path
FN:346,_RNvMs_NtNtCslE1WvBQdpRb_14my_http_server4cofg6configNtB4_4Cofg22load_from_disk_or_init
FN:397,_RNvMs_NtNtCslE1WvBQdpRb_14my_http_server4cofg6configNtB4_4Cofg3get
FN:358,_RINvMs_NtNtCslE1WvBQdpRb_14my_http_server4cofg6configNtB5_4Cofg15new_from_sourceINtNtCsaG2qCFH5KCO_6config4file4FileNtNtNtB1j_6source6string16FileSourceStringNtNtB1j_6format10FileFormatEEB9_
FN:153,_RNCNvMs_NtNtCslE1WvBQdpRb_14my_http_server4cofg6configNtB6_4Cofg13get_xdg_paths0Ba_
FNDA:0,_RNCNCNvMs_NtNtCsJUKjIpJSKG_14my_http_server4cofg6configNtB8_4Cofg10get_global00Bc_
FNDA:0,_RNCNvMs_NtNtCsJUKjIpJSKG_14my_http_server4cofg6configNtB6_4Cofg10get_global0Ba_
FNDA:0,_RNCNvMs_NtNtCsJUKjIpJSKG_14my_http_server4cofg6configNtB6_4Cofg10get_globals_0Ba_
FNDA:0,_RNCNvMs_NtNtCsJUKjIpJSKG_14my_http_server4cofg6configNtB6_4Cofg11init_global0Ba_
FNDA:0,_RNCNvMs_NtNtCsJUKjIpJSKG_14my_http_server4cofg6configNtB6_4Cofg3get0Ba_
FNDA:0,_RNvMs_NtNtCsJUKjIpJSKG_14my_http_server4cofg6configNtB4_4Cofg10get_global
FNDA:0,_RNvMs_NtNtCsJUKjIpJSKG_14my_http_server4cofg6configNtB4_4Cofg11init_global
FNDA:0,_RNvMs_NtNtCsJUKjIpJSKG_14my_http_server4cofg6configNtB4_4Cofg14load_from_disk
FNDA:0,_RNvMs_NtNtCsJUKjIpJSKG_14my_http_server4cofg6configNtB4_4Cofg21resolve_page_404_path
FNDA:0,_RNvMs_NtNtCsJUKjIpJSKG_14my_http_server4cofg6configNtB4_4Cofg22load_from_disk_or_init
FNDA:0,_RNvMs_NtNtCsJUKjIpJSKG_14my_http_server4cofg6configNtB4_4Cofg3get
FNDA:23,_RINvMs_NtNtCsJUKjIpJSKG_14my_http_server4cofg6configNtB5_4Cofg15new_from_sourceINtNtCsaG2qCFH5KCO_6config4file4FileNtNtNtB1i_6source6string16FileSourceStringNtNtB1i_6format10FileFormatEEB9_
FNDA:20,_RNCNvMs_NtNtCsJUKjIpJSKG_14my_http_server4cofg6configNtB6_4Cofg13get_xdg_paths0Ba_
FNDA:9,_RNvMs_NtNtCsJUKjIpJSKG_14my_http_server4cofg6configNtB4_4Cofg11new_layered
FNDA:23,_RNvMs_NtNtCsJUKjIpJSKG_14my_http_server4cofg6configNtB4_4Cofg12new_from_str
FNDA:20,_RNvMs_NtNtCsJUKjIpJSKG_14my_http_server4cofg6configNtB4_4Cofg13get_xdg_paths
FNDA:9,_RNvMs_NtNtCsJUKjIpJSKG_14my_http_server4cofg6configNtB4_4Cofg16resolve_hbs_path
FNDA:10,_RNvMs_NtNtCsJUKjIpJSKG_14my_http_server4cofg6configNtB4_4Cofg19apply_cli_overrides
FNDA:0,_RNvMs_NtNtCsJUKjIpJSKG_14my_http_server4cofg6configNtB4_4Cofg19get_xdg_config_path
FNDA:33,_RNvMs_NtNtCsJUKjIpJSKG_14my_http_server4cofg6configNtB4_4Cofg28configure_default_extensions
FNDA:23,_RNvXNtNtCsJUKjIpJSKG_14my_http_server4cofg6configNtB2_4CofgNtNtCsgS7EKHCc5jD_4core7default7Default7default
FNDA:1,_RNvXs0_NtNtCsJUKjIpJSKG_14my_http_server4cofg6configNtB5_9CofgAddrsNtNtCsgS7EKHCc5jD_4core3fmt7Display3fmt
FNDA:1,_RNvXs1_NtNtCsJUKjIpJSKG_14my_http_server4cofg6configNtB5_9CofgAddrsNtNtNtCslP1BYCnN0Ot_3std3net11socket_addr13ToSocketAddrs15to_socket_addrs
FNDA:23,_RINvMs_NtNtCsgBNAdYuGUwB_14my_http_server4cofg6configNtB5_4Cofg15new_from_sourceINtNtCsaG2qCFH5KCO_6config4file4FileNtNtNtB1j_6source6string16FileSourceStringNtNtB1j_6format10FileFormatEEB9_
FNDA:12,_RNCNvMs_NtNtCsgBNAdYuGUwB_14my_http_server4cofg6configNtB6_4Cofg13get_xdg_paths0Ba_
FNDA:9,_RNvMs_NtNtCsgBNAdYuGUwB_14my_http_server4cofg6configNtB4_4Cofg11new_layered
FNDA:23,_RNvMs_NtNtCsgBNAdYuGUwB_14my_http_server4cofg6configNtB4_4Cofg12new_from_str
FNDA:12,_RNvMs_NtNtCsgBNAdYuGUwB_14my_http_server4cofg6configNtB4_4Cofg13get_xdg_paths
FNDA:9,_RNvMs_NtNtCsgBNAdYuGUwB_14my_http_server4cofg6configNtB4_4Cofg16resolve_hbs_path
FNDA:10,_RNvMs_NtNtCsgBNAdYuGUwB_14my_http_server4cofg6configNtB4_4Cofg19apply_cli_overrides
FNDA:0,_RNvMs_NtNtCsgBNAdYuGUwB_14my_http_server4cofg6configNtB4_4Cofg19get_xdg_config_path
FNDA:33,_RNvMs_NtNtCsgBNAdYuGUwB_14my_http_server4cofg6configNtB4_4Cofg28configure_default_extensions
FNDA:23,_RNvXNtNtCsgBNAdYuGUwB_14my_http_server4cofg6configNtB2_4CofgNtNtCsgS7EKHCc5jD_4core7default7Default7default
FNDA:1,_RNvXs0_NtNtCsgBNAdYuGUwB_14my_http_server4cofg6configNtB5_9CofgAddrsNtNtCsgS7EKHCc5jD_4core3fmt7Display3fmt
FNDA:1,_RNvXs1_NtNtCsgBNAdYuGUwB_14my_http_server4cofg6configNtB5_9CofgAddrsNtNtNtCslP1BYCnN0Ot_3std3net11socket_addr13ToSocketAddrs15to_socket_addrs
FNDA:0,_RNCNCNvMs_NtNtCsgBNAdYuGUwB_14my_http_server4cofg6configNtB8_4Cofg10get_global00Bc_
FNDA:0,_RNCNvMs_NtNtCsgBNAdYuGUwB_14my_http_server4cofg6configNtB6_4Cofg10get_global0Ba_
FNDA:0,_RNCNvMs_NtNtCsgBNAdYuGUwB_14my_http_server4cofg6configNtB6_4Cofg10get_globals_0Ba_
FNDA:0,_RNCNvMs_NtNtCsgBNAdYuGUwB_14my_http_server4cofg6configNtB6_4Cofg11init_global0Ba_
FNDA:0,_RNCNvMs_NtNtCsgBNAdYuGUwB_14my_http_server4cofg6configNtB6_4Cofg3get0Ba_
FNDA:0,_RNvMs_NtNtCsgBNAdYuGUwB_14my_http_server4cofg6configNtB4_4Cofg10get_global
FNDA:0,_RNvMs_NtNtCsgBNAdYuGUwB_14my_http_server4cofg6configNtB4_4Cofg11init_global
FNDA:0,_RNvMs_NtNtCsgBNAdYuGUwB_14my_http_server4cofg6configNtB4_4Cofg14load_from_disk
FNDA:0,_RNvMs_NtNtCsgBNAdYuGUwB_14my_http_server4cofg6configNtB4_4Cofg21resolve_page_404_path
FNDA:0,_RNvMs_NtNtCsgBNAdYuGUwB_14my_http_server4cofg6configNtB4_4Cofg22load_from_disk_or_init
FNDA:0,_RNvMs_NtNtCsgBNAdYuGUwB_14my_http_server4cofg6configNtB4_4Cofg3get
FNDA:0,_RNCNCNvMs_NtNtCs9ofXrUXFSdM_14my_http_server4cofg6configNtB8_4Cofg10get_global00Bc_
FNDA:0,_RNCNvMs_NtNtCs9ofXrUXFSdM_14my_http_server4cofg6configNtB6_4Cofg10get_global0Ba_
FNDA:0,_RNCNvMs_NtNtCs9ofXrUXFSdM_14my_http_server4cofg6configNtB6_4Cofg10get_globals_0Ba_
FNDA:0,_RNCNvMs_NtNtCs9ofXrUXFSdM_14my_http_server4cofg6configNtB6_4Cofg11init_global0Ba_
FNDA:0,_RNCNvMs_NtNtCs9ofXrUXFSdM_14my_http_server4cofg6configNtB6_4Cofg3get0Ba_
FNDA:0,_RNvMs_NtNtCs9ofXrUXFSdM_14my_http_server4cofg6configNtB4_4Cofg10get_global
FNDA:0,_RNvMs_NtNtCs9ofXrUXFSdM_14my_http_server4cofg6configNtB4_4Cofg11init_global
FNDA:0,_RNvMs_NtNtCs9ofXrUXFSdM_14my_http_server4cofg6configNtB4_4Cofg14load_from_disk
FNDA:0,_RNvMs_NtNtCs9ofXrUXFSdM_14my_http_server4cofg6configNtB4_4Cofg21resolve_page_404_path
FNDA:0,_RNvMs_NtNtCs9ofXrUXFSdM_14my_http_server4cofg6configNtB4_4Cofg22load_from_disk_or_init
FNDA:0,_RNvMs_NtNtCs9ofXrUXFSdM_14my_http_server4cofg6configNtB4_4Cofg3get
FNDA:9,_RNvMs_NtNtCs9ofXrUXFSdM_14my_http_server4cofg6configNtB4_4Cofg11new_layered
FNDA:23,_RNvMs_NtNtCs9ofXrUXFSdM_14my_http_server4cofg6configNtB4_4Cofg12new_from_str
FNDA:20,_RNvMs_NtNtCs9ofXrUXFSdM_14my_http_server4cofg6configNtB4_4Cofg13get_xdg_paths
FNDA:9,_RNvMs_NtNtCs9ofXrUXFSdM_14my_http_server4cofg6configNtB4_4Cofg16resolve_hbs_path
FNDA:10,_RNvMs_NtNtCs9ofXrUXFSdM_14my_http_server4cofg6configNtB4_4Cofg19apply_cli_overrides
FNDA:0,_RNvMs_NtNtCs9ofXrUXFSdM_14my_http_server4cofg6configNtB4_4Cofg19get_xdg_config_path
FNDA:33,_RNvMs_NtNtCs9ofXrUXFSdM_14my_http_server4cofg6configNtB4_4Cofg28configure_default_extensions
FNDA:23,_RNvXNtNtCs9ofXrUXFSdM_14my_http_server4cofg6configNtB2_4CofgNtNtCsgS7EKHCc5jD_4core7default7Default7default
FNDA:1,_RNvXs0_NtNtCs9ofXrUXFSdM_14my_http_server4cofg6configNtB5_9CofgAddrsNtNtCsgS7EKHCc5jD_4core3fmt7Display3fmt
FNDA:1,_RNvXs1_NtNtCs9ofXrUXFSdM_14my_http_server4cofg6configNtB5_9CofgAddrsNtNtNtCslP1BYCnN0Ot_3std3net11socket_addr13ToSocketAddrs15to_socket_addrs
FNDA:23,_RINvMs_NtNtCs9ofXrUXFSdM_14my_http_server4cofg6configNtB5_4Cofg15new_from_sourceINtNtCsaG2qCFH5KCO_6config4file4FileNtNtNtB1j_6source6string16FileSourceStringNtNtB1j_6format10FileFormatEEB9_
FNDA:20,_RNCNvMs_NtNtCs9ofXrUXFSdM_14my_http_server4cofg6configNtB6_4Cofg13get_xdg_paths0Ba_
FNDA:9,_RNvMs_NtNtCslE1WvBQdpRb_14my_http_server4cofg6configNtB4_4Cofg11new_layered
FNDA:23,_RNvMs_NtNtCslE1WvBQdpRb_14my_http_server4cofg6configNtB4_4Cofg12new_from_str
FNDA:12,_RNvMs_NtNtCslE1WvBQdpRb_14my_http_server4cofg6configNtB4_4Cofg13get_xdg_paths
FNDA:9,_RNvMs_NtNtCslE1WvBQdpRb_14my_http_server4cofg6configNtB4_4Cofg16resolve_hbs_path
FNDA:10,_RNvMs_NtNtCslE1WvBQdpRb_14my_http_server4cofg6configNtB4_4Cofg19apply_cli_overrides
FNDA:0,_RNvMs_NtNtCslE1WvBQdpRb_14my_http_server4cofg6configNtB4_4Cofg19get_xdg_config_path
FNDA:33,_RNvMs_NtNtCslE1WvBQdpRb_14my_http_server4cofg6configNtB4_4Cofg28configure_default_extensions
FNDA:23,_RNvXNtNtCslE1WvBQdpRb_14my_http_server4cofg6configNtB2_4CofgNtNtCsgS7EKHCc5jD_4core7default7Default7default
FNDA:1,_RNvXs0_NtNtCslE1WvBQdpRb_14my_http_server4cofg6configNtB5_9CofgAddrsNtNtCsgS7EKHCc5jD_4core3fmt7Display3fmt
FNDA:1,_RNvXs1_NtNtCslE1WvBQdpRb_14my_http_server4cofg6configNtB5_9CofgAddrsNtNtNtCslP1BYCnN0Ot_3std3net11socket_addr13ToSocketAddrs15to_socket_addrs
FNDA:0,_RNCNCNvMs_NtNtCslE1WvBQdpRb_14my_http_server4cofg6configNtB8_4Cofg10get_global00Bc_
FNDA:0,_RNCNvMs_NtNtCslE1WvBQdpRb_14my_http_server4cofg6configNtB6_4Cofg10get_global0Ba_
FNDA:0,_RNCNvMs_NtNtCslE1WvBQdpRb_14my_http_server4cofg6configNtB6_4Cofg10get_globals_0Ba_
FNDA:0,_RNCNvMs_NtNtCslE1WvBQdpRb_14my_http_server4cofg6configNtB6_4Cofg11init_global0Ba_
FNDA:0,_RNCNvMs_NtNtCslE1WvBQdpRb_14my_http_server4cofg6configNtB6_4Cofg3get0Ba_
FNDA:0,_RNvMs_NtNtCslE1WvBQdpRb_14my_http_server4cofg6configNtB4_4Cofg10get_global
FNDA:0,_RNvMs_NtNtCslE1WvBQdpRb_14my_http_server4cofg6configNtB4_4Cofg11init_global
FNDA:0,_RNvMs_NtNtCslE1WvBQdpRb_14my_http_server4cofg6configNtB4_4Cofg14load_from_disk
FNDA:0,_RNvMs_NtNtCslE1WvBQdpRb_14my_http_server4cofg6configNtB4_4Cofg21resolve_page_404_path
FNDA:0,_RNvMs_NtNtCslE1WvBQdpRb_14my_http_server4cofg6configNtB4_4Cofg22load_from_disk_or_init
FNDA:0,_RNvMs_NtNtCslE1WvBQdpRb_14my_http_server4cofg6configNtB4_4Cofg3get
FNDA:23,_RINvMs_NtNtCslE1WvBQdpRb_14my_http_server4cofg6configNtB5_4Cofg15new_from_sourceINtNtCsaG2qCFH5KCO_6config4file4FileNtNtNtB1j_6source6string16FileSourceStringNtNtB1j_6format10FileFormatEEB9_
FNDA:12,_RNCNvMs_NtNtCslE1WvBQdpRb_14my_http_server4cofg6configNtB6_4Cofg13get_xdg_paths0Ba_
FNF:23
FNH:11
DA:132,92
DA:133,92
DA:134,92
DA:135,0
DA:136,0
DA:137,0
DA:140,92
DA:152,64
DA:153,64
DA:154,64
DA:155,64
DA:156,64
DA:157,64
DA:158,64
DA:159,64
DA:160,64
DA:161,64
DA:162,64
DA:166,0
DA:167,0
DA:168,0
DA:181,36
DA:182,36
DA:184,36
DA:187,36
DA:188,0
DA:189,0
DA:190,0
DA:192,0
DA:193,0
DA:194,36
DA:197,36
DA:198,0
DA:199,0
DA:200,0
DA:201,0
DA:202,0
DA:204,0
DA:205,0
DA:206,36
DA:210,36
DA:211,36
DA:212,36
DA:213,36
DA:216,36
DA:217,36
DA:218,36
DA:219,36
DA:222,36
DA:224,36
DA:225,36
DA:230,40
DA:232,40
DA:233,4
DA:234,36
DA:235,40
DA:236,8
DA:237,32
DA:240,40
DA:241,4
DA:242,4
DA:243,4
DA:244,36
DA:247,40
DA:248,4
DA:249,36
DA:252,40
DA:253,0
DA:254,40
DA:255,40
DA:256,0
DA:257,40
DA:260,40
DA:261,4
DA:262,36
DA:265,40
DA:266,4
DA:267,4
DA:268,36
DA:269,40
DA:270,4
DA:271,4
DA:272,36
DA:274,40
DA:275,40
DA:287,0
DA:288,0
DA:291,0
DA:292,0
DA:293,0
DA:296,0
DA:297,0
DA:299,0
DA:300,0
DA:301,0
DA:304,0
DA:305,0
DA:317,36
DA:318,36
DA:321,36
DA:322,32
DA:323,4
DA:326,4
DA:327,4
DA:329,0
DA:330,0
DA:331,0
DA:333,0
DA:334,4
DA:337,4
DA:338,36
DA:341,0
DA:342,0
DA:343,0
DA:346,0
DA:347,0
DA:348,0
DA:349,0
DA:350,0
DA:351,0
DA:352,0
DA:353,0
DA:354,0
DA:358,92
DA:359,92
DA:360,92
DA:362,92
DA:363,92
DA:364,92
DA:365,92
DA:366,92
DA:367,92
DA:370,92
DA:371,92
DA:372,92
DA:374,132
DA:377,132
DA:378,132
DA:379,128
DA:380,128
DA:381,128
DA:382,128
DA:383,128
DA:384,128
DA:385,128
DA:386,132
DA:387,128
DA:388,128
DA:389,128
DA:390,128
DA:391,128
DA:393,132
DA:394,132
DA:397,0
DA:398,0
DA:399,0
DA:400,0
DA:401,0
DA:402,0
DA:410,0
DA:411,0
DA:412,0
DA:413,0
DA:414,0
DA:415,0
DA:416,0
DA:417,0
DA:418,0
DA:419,0
DA:420,0
DA:421,0
DA:424,0
DA:425,0
DA:427,0
DA:428,0
DA:429,0
DA:430,0
DA:431,0
DA:433,0
DA:435,0
DA:436,0
DA:437,0
DA:439,0
DA:440,0
DA:442,0
DA:443,0
DA:444,0
DA:446,0
DA:447,0
DA:454,0
DA:455,0
DA:457,0
DA:458,0
DA:459,0
DA:460,0
DA:461,0
DA:462,0
DA:465,0
DA:466,0
DA:467,0
DA:468,0
DA:470,0
DA:471,0
DA:476,4
DA:477,4
DA:478,4
DA:485,4
DA:486,4
DA:487,4
BRF:0
BRH:0
LF:215
LH:112
end_of_record
SF:C:\Users\pl816\OneDrive\文件\git\my-http-server\src\error.rs
FN:40,_RNvXNtCsJUKjIpJSKG_14my_http_server5errorNtB2_8AppErrorINtNtCsgS7EKHCc5jD_4core7convert4FromINtNtCs1S013FBku8r_5alloc5boxed3BoxDNtNtBW_5error5ErrorEL_EE4from
FN:55,_RNvXs0_NtCsJUKjIpJSKG_14my_http_server5errorNtB5_8AppErrorNtNtNtCshOI2ER98jHf_9actix_web5error14response_error13ResponseError11status_code
FN:76,_RNvXs0_NtCsJUKjIpJSKG_14my_http_server5errorNtB5_8AppErrorNtNtNtCshOI2ER98jHf_9actix_web5error14response_error13ResponseError14error_response
FN:89,_RNvXs1_NtCsJUKjIpJSKG_14my_http_server5errorNtB5_8AppErrorINtNtCsgS7EKHCc5jD_4core7convert4FromINtNtCsimTMWAzcqQk_3nom8internal3ErrINtNtB1A_5error5ErrorReEEE4from
FN:48,_RNvXs_NtCsJUKjIpJSKG_14my_http_server5errorNtB4_8AppErrorNtNtNtCshOI2ER98jHf_9actix_web8response9responder9Responder10respond_to
FN:55,_RNvXs0_NtCsgBNAdYuGUwB_14my_http_server5errorNtB5_8AppErrorNtNtNtCshOI2ER98jHf_9actix_web5error14response_error13ResponseError11status_code
FN:76,_RNvXs0_NtCsgBNAdYuGUwB_14my_http_server5errorNtB5_8AppErrorNtNtNtCshOI2ER98jHf_9actix_web5error14response_error13ResponseError14error_response
FN:89,_RNvXs1_NtCsgBNAdYuGUwB_14my_http_server5errorNtB5_8AppErrorINtNtCsgS7EKHCc5jD_4core7convert4FromINtNtCsimTMWAzcqQk_3nom8internal3ErrINtNtB1B_5error5ErrorReEEE4from
FN:48,_RNvXs_NtCsgBNAdYuGUwB_14my_http_server5errorNtB4_8AppErrorNtNtNtCshOI2ER98jHf_9actix_web8response9responder9Responder10respond_to
FN:40,_RNvXNtCsgBNAdYuGUwB_14my_http_server5errorNtB2_8AppErrorINtNtCsgS7EKHCc5jD_4core7convert4FromINtNtCs1S013FBku8r_5alloc5boxed3BoxDNtNtBX_5error5ErrorEL_EE4from
FN:40,_RNvXNtCs9ofXrUXFSdM_14my_http_server5errorNtB2_8AppErrorINtNtCsgS7EKHCc5jD_4core7convert4FromINtNtCs1S013FBku8r_5alloc5boxed3BoxDNtNtBX_5error5ErrorEL_EE4from
FN:55,_RNvXs0_NtCs9ofXrUXFSdM_14my_http_server5errorNtB5_8AppErrorNtNtNtCs2w4TRgjrzQ8_9actix_web5error14response_error13ResponseError11status_code
FN:76,_RNvXs0_NtCs9ofXrUXFSdM_14my_http_server5errorNtB5_8AppErrorNtNtNtCs2w4TRgjrzQ8_9actix_web5error14response_error13ResponseError14error_response
FN:89,_RNvXs1_NtCs9ofXrUXFSdM_14my_http_server5errorNtB5_8AppErrorINtNtCsgS7EKHCc5jD_4core7convert4FromINtNtCsimTMWAzcqQk_3nom8internal3ErrINtNtB1B_5error5ErrorReEEE4from
FN:48,_RNvXs_NtCs9ofXrUXFSdM_14my_http_server5errorNtB4_8AppErrorNtNtNtCs2w4TRgjrzQ8_9actix_web8response9responder9Responder10respond_to
FN:40,_RNvXNtCslE1WvBQdpRb_14my_http_server5errorNtB2_8AppErrorINtNtCsgS7EKHCc5jD_4core7convert4FromINtNtCs1S013FBku8r_5alloc5boxed3BoxDNtNtBX_5error5ErrorEL_EE4from
FN:55,_RNvXs0_NtCslE1WvBQdpRb_14my_http_server5errorNtB5_8AppErrorNtNtNtCs2w4TRgjrzQ8_9actix_web5error14response_error13ResponseError11status_code
FN:76,_RNvXs0_NtCslE1WvBQdpRb_14my_http_server5errorNtB5_8AppErrorNtNtNtCs2w4TRgjrzQ8_9actix_web5error14response_error13ResponseError14error_response
FN:89,_RNvXs1_NtCslE1WvBQdpRb_14my_http_server5errorNtB5_8AppErrorINtNtCsgS7EKHCc5jD_4core7convert4FromINtNtCsimTMWAzcqQk_3nom8internal3ErrINtNtB1B_5error5ErrorReEEE4from
FN:48,_RNvXs_NtCslE1WvBQdpRb_14my_http_server5errorNtB4_8AppErrorNtNtNtCs2w4TRgjrzQ8_9actix_web8response9responder9Responder10respond_to
FNDA:0,_RNvXNtCsJUKjIpJSKG_14my_http_server5errorNtB2_8AppErrorINtNtCsgS7EKHCc5jD_4core7convert4FromINtNtCs1S013FBku8r_5alloc5boxed3BoxDNtNtBW_5error5ErrorEL_EE4from
FNDA:2,_RNvXs0_NtCsJUKjIpJSKG_14my_http_server5errorNtB5_8AppErrorNtNtNtCshOI2ER98jHf_9actix_web5error14response_error13ResponseError11status_code
FNDA:2,_RNvXs0_NtCsJUKjIpJSKG_14my_http_server5errorNtB5_8AppErrorNtNtNtCshOI2ER98jHf_9actix_web5error14response_error13ResponseError14error_response
FNDA:1,_RNvXs1_NtCsJUKjIpJSKG_14my_http_server5errorNtB5_8AppErrorINtNtCsgS7EKHCc5jD_4core7convert4FromINtNtCsimTMWAzcqQk_3nom8internal3ErrINtNtB1A_5error5ErrorReEEE4from
FNDA:2,_RNvXs_NtCsJUKjIpJSKG_14my_http_server5errorNtB4_8AppErrorNtNtNtCshOI2ER98jHf_9actix_web8response9responder9Responder10respond_to
FNDA:2,_RNvXs0_NtCsgBNAdYuGUwB_14my_http_server5errorNtB5_8AppErrorNtNtNtCshOI2ER98jHf_9actix_web5error14response_error13ResponseError11status_code
FNDA:2,_RNvXs0_NtCsgBNAdYuGUwB_14my_http_server5errorNtB5_8AppErrorNtNtNtCshOI2ER98jHf_9actix_web5error14response_error13ResponseError14error_response
FNDA:1,_RNvXs1_NtCsgBNAdYuGUwB_14my_http_server5errorNtB5_8AppErrorINtNtCsgS7EKHCc5jD_4core7convert4FromINtNtCsimTMWAzcqQk_3nom8internal3ErrINtNtB1B_5error5ErrorReEEE4from
FNDA:2,_RNvXs_NtCsgBNAdYuGUwB_14my_http_server5errorNtB4_8AppErrorNtNtNtCshOI2ER98jHf_9actix_web8response9responder9Responder10respond_to
FNDA:0,_RNvXNtCsgBNAdYuGUwB_14my_http_server5errorNtB2_8AppErrorINtNtCsgS7EKHCc5jD_4core7convert4FromINtNtCs1S013FBku8r_5alloc5boxed3BoxDNtNtBX_5error5ErrorEL_EE4from
FNDA:0,_RNvXNtCs9ofXrUXFSdM_14my_http_server5errorNtB2_8AppErrorINtNtCsgS7EKHCc5jD_4core7convert4FromINtNtCs1S013FBku8r_5alloc5boxed3BoxDNtNtBX_5error5ErrorEL_EE4from
FNDA:2,_RNvXs0_NtCs9ofXrUXFSdM_14my_http_server5errorNtB5_8AppErrorNtNtNtCs2w4TRgjrzQ8_9actix_web5error14response_error13ResponseError11status_code
FNDA:2,_RNvXs0_NtCs9ofXrUXFSdM_14my_http_server5errorNtB5_8AppErrorNtNtNtCs2w4TRgjrzQ8_9actix_web5error14response_error13ResponseError14error_response
FNDA:1,_RNvXs1_NtCs9ofXrUXFSdM_14my_http_server5errorNtB5_8AppErrorINtNtCsgS7EKHCc5jD_4core7convert4FromINtNtCsimTMWAzcqQk_3nom8internal3ErrINtNtB1B_5error5ErrorReEEE4from
FNDA:2,_RNvXs_NtCs9ofXrUXFSdM_14my_http_server5errorNtB4_8AppErrorNtNtNtCs2w4TRgjrzQ8_9actix_web8response9responder9Responder10respond_to
FNDA:0,_RNvXNtCslE1WvBQdpRb_14my_http_server5errorNtB2_8AppErrorINtNtCsgS7EKHCc5jD_4core7convert4FromINtNtCs1S013FBku8r_5alloc5boxed3BoxDNtNtBX_5error5ErrorEL_EE4from
FNDA:2,_RNvXs0_NtCslE1WvBQdpRb_14my_http_server5errorNtB5_8AppErrorNtNtNtCs2w4TRgjrzQ8_9actix_web5error14response_error13ResponseError11status_code
FNDA:2,_RNvXs0_NtCslE1WvBQdpRb_14my_http_server5errorNtB5_8AppErrorNtNtNtCs2w4TRgjrzQ8_9actix_web5error14response_error13ResponseError14error_response
FNDA:1,_RNvXs1_NtCslE1WvBQdpRb_14my_http_server5errorNtB5_8AppErrorINtNtCsgS7EKHCc5jD_4core7convert4FromINtNtCsimTMWAzcqQk_3nom8internal3ErrINtNtB1B_5error5ErrorReEEE4from
FNDA:2,_RNvXs_NtCslE1WvBQdpRb_14my_http_server5errorNtB4_8AppErrorNtNtNtCs2w4TRgjrzQ8_9actix_web8response9responder9Responder10respond_to
FNF:5
FNH:4
DA:40,0
DA:41,0
DA:42,0
DA:48,8
DA:50,8
DA:51,8
DA:55,8
DA:56,8
DA:57,0
DA:58,0
DA:59,0
DA:60,0
DA:61,0
DA:72,8
DA:74,8
DA:76,8
DA:77,8
DA:80,8
DA:82,8
DA:83,8
DA:84,8
DA:85,8
DA:89,4
DA:90,4
DA:91,4
BRF:0
BRH:0
LF:25
LH:17
end_of_record
SF:C:\Users\pl816\OneDrive\文件\git\my-http-server\src\main.rs
FN:334,_RNCNCNCNCNvCsJUKjIpJSKG_14my_http_server12build_server0s0_000B9_
FN:346,_RNCNCNCNCNvCsJUKjIpJSKG_14my_http_server12build_server0s0_00s0_0B9_
FN:340,_RNCNCNCNCNvCsJUKjIpJSKG_14my_http_server12build_server0s0_00s_0B9_
FN:328,_RNCNCNCNvCsJUKjIpJSKG_14my_http_server12build_server0s0_00B7_
FN:284,_RNCNCNvCsJUKjIpJSKG_14my_http_server12build_server00B5_
FN:326,_RNCNCNvCsJUKjIpJSKG_14my_http_server12build_server0s0_0B5_
FN:395,_RNCNCNvCsJUKjIpJSKG_14my_http_server12build_server0s1_0B5_
FN:402,_RNCNCNvCsJUKjIpJSKG_14my_http_server12build_server0s2_0B5_
FN:406,_RNCNCNvCsJUKjIpJSKG_14my_http_server12build_server0s3_0B5_
FN:409,_RNCNCNvCsJUKjIpJSKG_14my_http_server12build_server0s4_0B5_
FN:294,_RNCNCNvCsJUKjIpJSKG_14my_http_server12build_server0s_0B5_
FN:464,_RNCNCNvCsJUKjIpJSKG_14my_http_server4main00B5_
FN:477,_RNCNCNvCsJUKjIpJSKG_14my_http_server4main0s_0B5_
FN:275,_RNCNvCsJUKjIpJSKG_14my_http_server12build_server0B3_
FN:243,_RNCNvCsJUKjIpJSKG_14my_http_server15load_tls_config0B3_
FN:254,_RNCNvCsJUKjIpJSKG_14my_http_server15load_tls_configs0_0B3_
FN:247,_RNCNvCsJUKjIpJSKG_14my_http_server15load_tls_configs_0B3_
FN:192,_RNvCsJUKjIpJSKG_14my_http_server11logger_init
FN:263,_RNvCsJUKjIpJSKG_14my_http_server12build_server
FN:230,_RNvCsJUKjIpJSKG_14my_http_server15load_tls_config
FN:75,_RNvCsJUKjIpJSKG_14my_http_server4init
FN:54,_RNvMs_CsJUKjIpJSKG_14my_http_serverNtB4_7Version3new
FN:36,_RNvXCsJUKjIpJSKG_14my_http_serverNtB2_7VersionNtNtCsgS7EKHCc5jD_4core3fmt7Display3fmt
FN:66,_RNvXs0_CsJUKjIpJSKG_14my_http_serverNtB5_7VersionNtNtCsgS7EKHCc5jD_4core7default7Default7default
FN:107,_RNvCsJUKjIpJSKG_14my_http_server11emojis_init
FN:219,_RNvCsJUKjIpJSKG_14my_http_server13ct_eq_str_opt
FN:207,_RNvCsJUKjIpJSKG_14my_http_server16constant_time_eq
FN:146,_RNCNCNvCsJUKjIpJSKG_14my_http_server11emojis_init00B5_
FN:144,_RNCNvCsJUKjIpJSKG_14my_http_server11emojis_init0B3_
FN:185,_RNCNvCsJUKjIpJSKG_14my_http_server11emojis_inits0_0B3_
FN:177,_RNCNvCsJUKjIpJSKG_14my_http_server11emojis_inits_0B3_
FN:334,_RNCNCNCNCNvCsgBNAdYuGUwB_14my_http_server12build_server0s0_000B9_
FN:346,_RNCNCNCNCNvCsgBNAdYuGUwB_14my_http_server12build_server0s0_00s0_0B9_
FN:340,_RNCNCNCNCNvCsgBNAdYuGUwB_14my_http_server12build_server0s0_00s_0B9_
FN:328,_RNCNCNCNvCsgBNAdYuGUwB_14my_http_server12build_server0s0_00B7_
FN:284,_RNCNCNvCsgBNAdYuGUwB_14my_http_server12build_server00B5_
FN:326,_RNCNCNvCsgBNAdYuGUwB_14my_http_server12build_server0s0_0B5_
FN:395,_RNCNCNvCsgBNAdYuGUwB_14my_http_server12build_server0s1_0B5_
FN:402,_RNCNCNvCsgBNAdYuGUwB_14my_http_server12build_server0s2_0B5_
FN:406,_RNCNCNvCsgBNAdYuGUwB_14my_http_server12build_server0s3_0B5_
FN:409,_RNCNCNvCsgBNAdYuGUwB_14my_http_server12build_server0s4_0B5_
FN:294,_RNCNCNvCsgBNAdYuGUwB_14my_http_server12build_server0s_0B5_
FN:464,_RNCNCNvCsgBNAdYuGUwB_14my_http_server4main00B5_
FN:477,_RNCNCNvCsgBNAdYuGUwB_14my_http_server4main0s_0B5_
FN:275,_RNCNvCsgBNAdYuGUwB_14my_http_server12build_server0B3_
FN:243,_RNCNvCsgBNAdYuGUwB_14my_http_server15load_tls_config0B3_
FN:254,_RNCNvCsgBNAdYuGUwB_14my_http_server15load_tls_configs0_0B3_
FN:247,_RNCNvCsgBNAdYuGUwB_14my_http_server15load_tls_configs_0B3_
FN:192,_RNvCsgBNAdYuGUwB_14my_http_server11logger_init
FN:263,_RNvCsgBNAdYuGUwB_14my_http_server12build_server
FN:230,_RNvCsgBNAdYuGUwB_14my_http_server15load_tls_config
FN:75,_RNvCsgBNAdYuGUwB_14my_http_server4init
FN:54,_RNvMs_CsgBNAdYuGUwB_14my_http_serverNtB4_7Version3new
FN:36,_RNvXCsgBNAdYuGUwB_14my_http_serverNtB2_7VersionNtNtCsgS7EKHCc5jD_4core3fmt7Display3fmt
FN:66,_RNvXs0_CsgBNAdYuGUwB_14my_http_serverNtB5_7VersionNtNtCsgS7EKHCc5jD_4core7default7Default7default
FN:219,_RNvCsgBNAdYuGUwB_14my_http_server13ct_eq_str_opt
FN:207,_RNvCsgBNAdYuGUwB_14my_http_server16constant_time_eq
FN:334,_RNCNCNCNCNvCs9ofXrUXFSdM_14my_http_server12build_server0s0_000B9_
FN:346,_RNCNCNCNCNvCs9ofXrUXFSdM_14my_http_server12build_server0s0_00s0_0B9_
FN:340,_RNCNCNCNCNvCs9ofXrUXFSdM_14my_http_server12build_server0s0_00s_0B9_
FN:328,_RNCNCNCNvCs9ofXrUXFSdM_14my_http_server12build_server0s0_00B7_
FN:284,_RNCNCNvCs9ofXrUXFSdM_14my_http_server12build_server00B5_
FN:326,_RNCNCNvCs9ofXrUXFSdM_14my_http_server12build_server0s0_0B5_
FN:395,_RNCNCNvCs9ofXrUXFSdM_14my_http_server12build_server0s1_0B5_
FN:402,_RNCNCNvCs9ofXrUXFSdM_14my_http_server12build_server0s2_0B5_
FN:406,_RNCNCNvCs9ofXrUXFSdM_14my_http_server12build_server0s3_0B5_
FN:409,_RNCNCNvCs9ofXrUXFSdM_14my_http_server12build_server0s4_0B5_
FN:294,_RNCNCNvCs9ofXrUXFSdM_14my_http_server12build_server0s_0B5_
FN:464,_RNCNCNvCs9ofXrUXFSdM_14my_http_server4main00B5_
FN:477,_RNCNCNvCs9ofXrUXFSdM_14my_http_server4main0s_0B5_
FN:275,_RNCNvCs9ofXrUXFSdM_14my_http_server12build_server0B3_
FN:243,_RNCNvCs9ofXrUXFSdM_14my_http_server15load_tls_config0B3_
FN:254,_RNCNvCs9ofXrUXFSdM_14my_http_server15load_tls_configs0_0B3_
FN:247,_RNCNvCs9ofXrUXFSdM_14my_http_server15load_tls_configs_0B3_
FN:192,_RNvCs9ofXrUXFSdM_14my_http_server11logger_init
FN:263,_RNvCs9ofXrUXFSdM_14my_http_server12build_server
FN:230,_RNvCs9ofXrUXFSdM_14my_http_server15load_tls_config
FN:75,_RNvCs9ofXrUXFSdM_14my_http_server4init
FN:54,_RNvMs_Cs9ofXrUXFSdM_14my_http_serverNtB4_7Version3new
FN:36,_RNvXCs9ofXrUXFSdM_14my_http_serverNtB2_7VersionNtNtCsgS7EKHCc5jD_4core3fmt7Display3fmt
FN:66,_RNvXs0_Cs9ofXrUXFSdM_14my_http_serverNtB5_7VersionNtNtCsgS7EKHCc5jD_4core7default7Default7default
FN:107,_RNvCs9ofXrUXFSdM_14my_http_server11emojis_init
FN:219,_RNvCs9ofXrUXFSdM_14my_http_server13ct_eq_str_opt
FN:207,_RNvCs9ofXrUXFSdM_14my_http_server16constant_time_eq
FN:146,_RNCNCNvCs9ofXrUXFSdM_14my_http_server11emojis_init00B5_
FN:144,_RNCNvCs9ofXrUXFSdM_14my_http_server11emojis_init0B3_
FN:185,_RNCNvCs9ofXrUXFSdM_14my_http_server11emojis_inits0_0B3_
FN:177,_RNCNvCs9ofXrUXFSdM_14my_http_server11emojis_inits_0B3_
FN:334,_RNCNCNCNCNvCslE1WvBQdpRb_14my_http_server12build_server0s0_000B9_
FN:346,_RNCNCNCNCNvCslE1WvBQdpRb_14my_http_server12build_server0s0_00s0_0B9_
FN:340,_RNCNCNCNCNvCslE1WvBQdpRb_14my_http_server12build_server0s0_00s_0B9_
FN:328,_RNCNCNCNvCslE1WvBQdpRb_14my_http_server12build_server0s0_00B7_
FN:284,_RNCNCNvCslE1WvBQdpRb_14my_http_server12build_server00B5_
FN:326,_RNCNCNvCslE1WvBQdpRb_14my_http_server12build_server0s0_0B5_
FN:395,_RNCNCNvCslE1WvBQdpRb_14my_http_server12build_server0s1_0B5_
FN:402,_RNCNCNvCslE1WvBQdpRb_14my_http_server12build_server0s2_0B5_
FN:406,_RNCNCNvCslE1WvBQdpRb_14my_http_server12build_server0s3_0B5_
FN:409,_RNCNCNvCslE1WvBQdpRb_14my_http_server12build_server0s4_0B5_
FN:294,_RNCNCNvCslE1WvBQdpRb_14my_http_server12build_server0s_0B5_
FN:464,_RNCNCNvCslE1WvBQdpRb_14my_http_server4main00B5_
FN:477,_RNCNCNvCslE1WvBQdpRb_14my_http_server4main0s_0B5_
FN:275,_RNCNvCslE1WvBQdpRb_14my_http_server12build_server0B3_
FN:243,_RNCNvCslE1WvBQdpRb_14my_http_server15load_tls_config0B3_
FN:254,_RNCNvCslE1WvBQdpRb_14my_http_server15load_tls_configs0_0B3_
FN:247,_RNCNvCslE1WvBQdpRb_14my_http_server15load_tls_configs_0B3_
FN:192,_RNvCslE1WvBQdpRb_14my_http_server11logger_init
FN:263,_RNvCslE1WvBQdpRb_14my_http_server12build_server
FN:230,_RNvCslE1WvBQdpRb_14my_http_server15load_tls_config
FN:75,_RNvCslE1WvBQdpRb_14my_http_server4init
FN:54,_RNvMs_CslE1WvBQdpRb_14my_http_serverNtB4_7Version3new
FN:36,_RNvXCslE1WvBQdpRb_14my_http_serverNtB2_7VersionNtNtCsgS7EKHCc5jD_4core3fmt7Display3fmt
FN:66,_RNvXs0_CslE1WvBQdpRb_14my_http_serverNtB5_7VersionNtNtCsgS7EKHCc5jD_4core7default7Default7default
FN:219,_RNvCslE1WvBQdpRb_14my_http_server13ct_eq_str_opt
FN:207,_RNvCslE1WvBQdpRb_14my_http_server16constant_time_eq
FNDA:0,_RNCNCNCNCNvCsJUKjIpJSKG_14my_http_server12build_server0s0_000B9_
FNDA:0,_RNCNCNCNCNvCsJUKjIpJSKG_14my_http_server12build_server0s0_00s0_0B9_
FNDA:0,_RNCNCNCNCNvCsJUKjIpJSKG_14my_http_server12build_server0s0_00s_0B9_
FNDA:0,_RNCNCNCNvCsJUKjIpJSKG_14my_http_server12build_server0s0_00B7_
FNDA:0,_RNCNCNvCsJUKjIpJSKG_14my_http_server12build_server00B5_
FNDA:0,_RNCNCNvCsJUKjIpJSKG_14my_http_server12build_server0s0_0B5_
FNDA:0,_RNCNCNvCsJUKjIpJSKG_14my_http_server12build_server0s1_0B5_
FNDA:0,_RNCNCNvCsJUKjIpJSKG_14my_http_server12build_server0s2_0B5_
FNDA:0,_RNCNCNvCsJUKjIpJSKG_14my_http_server12build_server0s3_0B5_
FNDA:0,_RNCNCNvCsJUKjIpJSKG_14my_http_server12build_server0s4_0B5_
FNDA:0,_RNCNCNvCsJUKjIpJSKG_14my_http_server12build_server0s_0B5_
FNDA:0,_RNCNCNvCsJUKjIpJSKG_14my_http_server4main00B5_
FNDA:0,_RNCNCNvCsJUKjIpJSKG_14my_http_server4main0s_0B5_
FNDA:0,_RNCNvCsJUKjIpJSKG_14my_http_server12build_server0B3_
FNDA:0,_RNCNvCsJUKjIpJSKG_14my_http_server15load_tls_config0B3_
FNDA:0,_RNCNvCsJUKjIpJSKG_14my_http_server15load_tls_configs0_0B3_
FNDA:0,_RNCNvCsJUKjIpJSKG_14my_http_server15load_tls_configs_0B3_
FNDA:0,_RNvCsJUKjIpJSKG_14my_http_server11logger_init
FNDA:0,_RNvCsJUKjIpJSKG_14my_http_server12build_server
FNDA:0,_RNvCsJUKjIpJSKG_14my_http_server15load_tls_config
FNDA:0,_RNvCsJUKjIpJSKG_14my_http_server4init
FNDA:0,_RNvMs_CsJUKjIpJSKG_14my_http_serverNtB4_7Version3new
FNDA:0,_RNvXCsJUKjIpJSKG_14my_http_serverNtB2_7VersionNtNtCsgS7EKHCc5jD_4core3fmt7Display3fmt
FNDA:0,_RNvXs0_CsJUKjIpJSKG_14my_http_serverNtB5_7VersionNtNtCsgS7EKHCc5jD_4core7default7Default7default
FNDA:8,_RNvCsJUKjIpJSKG_14my_http_server11emojis_init
FNDA:10,_RNvCsJUKjIpJSKG_14my_http_server13ct_eq_str_opt
FNDA:20,_RNvCsJUKjIpJSKG_14my_http_server16constant_time_eq
FNDA:0,_RNCNCNvCsJUKjIpJSKG_14my_http_server11emojis_init00B5_
FNDA:0,_RNCNvCsJUKjIpJSKG_14my_http_server11emojis_init0B3_
FNDA:0,_RNCNvCsJUKjIpJSKG_14my_http_server11emojis_inits0_0B3_
FNDA:0,_RNCNvCsJUKjIpJSKG_14my_http_server11emojis_inits_0B3_
FNDA:0,_RNCNCNCNCNvCsgBNAdYuGUwB_14my_http_server12build_server0s0_000B9_
FNDA:0,_RNCNCNCNCNvCsgBNAdYuGUwB_14my_http_server12build_server0s0_00s0_0B9_
FNDA:0,_RNCNCNCNCNvCsgBNAdYuGUwB_14my_http_server12build_server0s0_00s_0B9_
FNDA:0,_RNCNCNCNvCsgBNAdYuGUwB_14my_http_server12build_server0s0_00B7_
FNDA:0,_RNCNCNvCsgBNAdYuGUwB_14my_http_server12build_server00B5_
FNDA:0,_RNCNCNvCsgBNAdYuGUwB_14my_http_server12build_server0s0_0B5_
FNDA:0,_RNCNCNvCsgBNAdYuGUwB_14my_http_server12build_server0s1_0B5_
FNDA:0,_RNCNCNvCsgBNAdYuGUwB_14my_http_server12build_server0s2_0B5_
FNDA:0,_RNCNCNvCsgBNAdYuGUwB_14my_http_server12build_server0s3_0B5_
FNDA:0,_RNCNCNvCsgBNAdYuGUwB_14my_http_server12build_server0s4_0B5_
FNDA:0,_RNCNCNvCsgBNAdYuGUwB_14my_http_server12build_server0s_0B5_
FNDA:0,_RNCNCNvCsgBNAdYuGUwB_14my_http_server4main00B5_
FNDA:0,_RNCNCNvCsgBNAdYuGUwB_14my_http_server4main0s_0B5_
FNDA:0,_RNCNvCsgBNAdYuGUwB_14my_http_server12build_server0B3_
FNDA:0,_RNCNvCsgBNAdYuGUwB_14my_http_server15load_tls_config0B3_
FNDA:0,_RNCNvCsgBNAdYuGUwB_14my_http_server15load_tls_configs0_0B3_
FNDA:0,_RNCNvCsgBNAdYuGUwB_14my_http_server15load_tls_configs_0B3_
FNDA:0,_RNvCsgBNAdYuGUwB_14my_http_server11logger_init
FNDA:0,_RNvCsgBNAdYuGUwB_14my_http_server12build_server
FNDA:0,_RNvCsgBNAdYuGUwB_14my_http_server15load_tls_config
FNDA:0,_RNvCsgBNAdYuGUwB_14my_http_server4init
FNDA:0,_RNvMs_CsgBNAdYuGUwB_14my_http_serverNtB4_7Version3new
FNDA:0,_RNvXCsgBNAdYuGUwB_14my_http_serverNtB2_7VersionNtNtCsgS7EKHCc5jD_4core3fmt7Display3fmt
FNDA:0,_RNvXs0_CsgBNAdYuGUwB_14my_http_serverNtB5_7VersionNtNtCsgS7EKHCc5jD_4core7default7Default7default
FNDA:10,_RNvCsgBNAdYuGUwB_14my_http_server13ct_eq_str_opt
FNDA:20,_RNvCsgBNAdYuGUwB_14my_http_server16constant_time_eq
FNDA:0,_RNCNCNCNCNvCs9ofXrUXFSdM_14my_http_server12build_server0s0_000B9_
FNDA:0,_RNCNCNCNCNvCs9ofXrUXFSdM_14my_http_server12build_server0s0_00s0_0B9_
FNDA:0,_RNCNCNCNCNvCs9ofXrUXFSdM_14my_http_server12build_server0s0_00s_0B9_
FNDA:0,_RNCNCNCNvCs9ofXrUXFSdM_14my_http_server12build_server0s0_00B7_
FNDA:0,_RNCNCNvCs9ofXrUXFSdM_14my_http_server12build_server00B5_
FNDA:0,_RNCNCNvCs9ofXrUXFSdM_14my_http_server12build_server0s0_0B5_
FNDA:0,_RNCNCNvCs9ofXrUXFSdM_14my_http_server12build_server0s1_0B5_
FNDA:0,_RNCNCNvCs9ofXrUXFSdM_14my_http_server12build_server0s2_0B5_
FNDA:0,_RNCNCNvCs9ofXrUXFSdM_14my_http_server12build_server0s3_0B5_
FNDA:0,_RNCNCNvCs9ofXrUXFSdM_14my_http_server12build_server0s4_0B5_
FNDA:0,_RNCNCNvCs9ofXrUXFSdM_14my_http_server12build_server0s_0B5_
FNDA:0,_RNCNCNvCs9ofXrUXFSdM_14my_http_server4main00B5_
FNDA:0,_RNCNCNvCs9ofXrUXFSdM_14my_http_server4main0s_0B5_
FNDA:0,_RNCNvCs9ofXrUXFSdM_14my_http_server12build_server0B3_
FNDA:0,_RNCNvCs9ofXrUXFSdM_14my_http_server15load_tls_config0B3_
FNDA:0,_RNCNvCs9ofXrUXFSdM_14my_http_server15load_tls_configs0_0B3_
FNDA:0,_RNCNvCs9ofXrUXFSdM_14my_http_server15load_tls_configs_0B3_
FNDA:0,_RNvCs9ofXrUXFSdM_14my_http_server11logger_init
FNDA:0,_RNvCs9ofXrUXFSdM_14my_http_server12build_server
FNDA:0,_RNvCs9ofXrUXFSdM_14my_http_server15load_tls_config
FNDA:0,_RNvCs9ofXrUXFSdM_14my_http_server4init
FNDA:0,_RNvMs_Cs9ofXrUXFSdM_14my_http_serverNtB4_7Version3new
FNDA:0,_RNvXCs9ofXrUXFSdM_14my_http_serverNtB2_7VersionNtNtCsgS7EKHCc5jD_4core3fmt7Display3fmt
FNDA:0,_RNvXs0_Cs9ofXrUXFSdM_14my_http_serverNtB5_7VersionNtNtCsgS7EKHCc5jD_4core7default7Default7default
FNDA:8,_RNvCs9ofXrUXFSdM_14my_http_server11emojis_init
FNDA:10,_RNvCs9ofXrUXFSdM_14my_http_server13ct_eq_str_opt
FNDA:20,_RNvCs9ofXrUXFSdM_14my_http_server16constant_time_eq
FNDA:0,_RNCNCNvCs9ofXrUXFSdM_14my_http_server11emojis_init00B5_
FNDA:0,_RNCNvCs9ofXrUXFSdM_14my_http_server11emojis_init0B3_
FNDA:0,_RNCNvCs9ofXrUXFSdM_14my_http_server11emojis_inits0_0B3_
FNDA:0,_RNCNvCs9ofXrUXFSdM_14my_http_server11emojis_inits_0B3_
FNDA:0,_RNCNCNCNCNvCslE1WvBQdpRb_14my_http_server12build_server0s0_000B9_
FNDA:0,_RNCNCNCNCNvCslE1WvBQdpRb_14my_http_server12build_server0s0_00s0_0B9_
FNDA:0,_RNCNCNCNCNvCslE1WvBQdpRb_14my_http_server12build_server0s0_00s_0B9_
FNDA:0,_RNCNCNCNvCslE1WvBQdpRb_14my_http_server12build_server0s0_00B7_
FNDA:0,_RNCNCNvCslE1WvBQdpRb_14my_http_server12build_server00B5_
FNDA:0,_RNCNCNvCslE1WvBQdpRb_14my_http_server12build_server0s0_0B5_
FNDA:0,_RNCNCNvCslE1WvBQdpRb_14my_http_server12build_server0s1_0B5_
FNDA:0,_RNCNCNvCslE1WvBQdpRb_14my_http_server12build_server0s2_0B5_
FNDA:0,_RNCNCNvCslE1WvBQdpRb_14my_http_server12build_server0s3_0B5_
FNDA:0,_RNCNCNvCslE1WvBQdpRb_14my_http_server12build_server0s4_0B5_
FNDA:0,_RNCNCNvCslE1WvBQdpRb_14my_http_server12build_server0s_0B5_
FNDA:0,_RNCNCNvCslE1WvBQdpRb_14my_http_server4main00B5_
FNDA:0,_RNCNCNvCslE1WvBQdpRb_14my_http_server4main0s_0B5_
FNDA:0,_RNCNvCslE1WvBQdpRb_14my_http_server12build_server0B3_
FNDA:0,_RNCNvCslE1WvBQdpRb_14my_http_server15load_tls_config0B3_
FNDA:0,_RNCNvCslE1WvBQdpRb_14my_http_server15load_tls_configs0_0B3_
FNDA:0,_RNCNvCslE1WvBQdpRb_14my_http_server15load_tls_configs_0B3_
FNDA:0,_RNvCslE1WvBQdpRb_14my_http_server11logger_init
FNDA:0,_RNvCslE1WvBQdpRb_14my_http_server12build_server
FNDA:0,_RNvCslE1WvBQdpRb_14my_http_server15load_tls_config
FNDA:0,_RNvCslE1WvBQdpRb_14my_http_server4init
FNDA:0,_RNvMs_CslE1WvBQdpRb_14my_http_serverNtB4_7Version3new
FNDA:0,_RNvXCslE1WvBQdpRb_14my_http_serverNtB2_7VersionNtNtCsgS7EKHCc5jD_4core3fmt7Display3fmt
FNDA:0,_RNvXs0_CslE1WvBQdpRb_14my_http_serverNtB5_7VersionNtNtCsgS7EKHCc5jD_4core7default7Default7default
FNDA:10,_RNvCslE1WvBQdpRb_14my_http_server13ct_eq_str_opt
FNDA:20,_RNvCslE1WvBQdpRb_14my_http_server16constant_time_eq
FNF:31
FNH:3
DA:36,0
DA:37,0
DA:38,0
DA:39,0
DA:44,0
DA:45,0
DA:47,0
DA:50,0
DA:54,0
DA:55,0
DA:56,0
DA:57,0
DA:58,0
DA:59,0
DA:60,0
DA:61,0
DA:62,0
DA:66,0
DA:67,0
DA:68,0
DA:75,0
DA:76,0
DA:77,0
DA:78,0
DA:79,0
DA:81,0
DA:82,0
DA:83,0
DA:84,0
DA:86,0
DA:87,0
DA:88,0
DA:89,0
DA:90,0
DA:92,0
DA:94,0
DA:95,0
DA:96,0
DA:97,0
DA:98,0
DA:100,0
DA:101,0
DA:103,0
DA:104,0
DA:105,0
DA:107,16
DA:112,16
DA:114,16
DA:115,16
DA:116,16
DA:117,16
DA:119,0
DA:122,16
DA:123,0
DA:124,0
DA:125,0
DA:127,0
DA:128,0
DA:130,0
DA:131,0
DA:132,0
DA:133,0
DA:134,0
DA:135,0
DA:136,0
DA:137,0
DA:138,0
DA:139,0
DA:140,0
DA:141,0
DA:142,0
DA:143,0
DA:144,0
DA:145,0
DA:146,0
DA:147,0
DA:148,0
DA:149,0
DA:150,0
DA:151,0
DA:152,0
DA:153,0
DA:156,0
DA:160,0
DA:161,0
DA:165,0
DA:166,0
DA:167,0
DA:168,0
DA:169,0
DA:170,0
DA:172,16
DA:173,0
DA:174,0
DA:177,16
DA:178,0
DA:179,0
DA:180,0
DA:183,0
DA:184,0
DA:185,16
DA:186,0
DA:187,0
DA:188,0
DA:189,16
DA:190,16
DA:191,16
DA:192,0
DA:193,0
DA:194,0
DA:195,0
DA:196,0
DA:197,0
DA:200,0
DA:202,0
DA:203,0
DA:207,80
DA:208,80
DA:209,80
DA:210,704
DA:211,704
DA:212,704
DA:213,704
DA:214,704
DA:215,80
DA:216,80
DA:219,40
DA:220,40
DA:221,28
DA:222,4
DA:223,8
DA:225,40
DA:230,0
DA:236,0
DA:237,0
DA:239,0
DA:240,0
DA:242,0
DA:243,0
DA:244,0
DA:247,0
DA:248,0
DA:249,0
DA:251,0
DA:252,0
DA:253,0
DA:254,0
DA:256,0
DA:257,0
DA:263,0
DA:264,0
DA:265,0
DA:267,0
DA:269,0
DA:270,0
DA:271,0
DA:275,0
DA:276,0
DA:277,0
DA:278,0
DA:280,0
DA:281,0
DA:282,0
DA:283,0
DA:284,0
DA:285,0
DA:286,0
DA:287,0
DA:288,0
DA:291,0
DA:292,0
DA:293,0
DA:294,0
DA:295,0
DA:296,0
DA:297,0
DA:298,0
DA:299,0
DA:300,0
DA:301,0
DA:302,0
DA:303,0
DA:304,0
DA:305,0
DA:307,0
DA:308,0
DA:309,0
DA:311,0
DA:312,0
DA:313,0
DA:315,0
DA:316,0
DA:319,0
DA:320,0
DA:321,0
DA:322,0
DA:326,0
DA:327,0
DA:328,0
DA:329,0
DA:330,0
DA:331,0
DA:333,0
DA:334,0
DA:335,0
DA:336,0
DA:337,0
DA:339,0
DA:340,0
DA:341,0
DA:343,0
DA:345,0
DA:346,0
DA:347,0
DA:349,0
DA:351,0
DA:352,0
DA:353,0
DA:355,0
DA:356,0
DA:357,0
DA:358,0
DA:361,0
DA:362,0
DA:363,0
DA:364,0
DA:365,0
DA:366,0
DA:369,0
DA:370,0
DA:371,0
DA:372,0
DA:373,0
DA:374,0
DA:377,0
DA:379,0
DA:380,0
DA:381,0
DA:385,0
DA:386,0
DA:389,0
DA:391,0
DA:393,0
DA:394,0
DA:395,0
DA:396,0
DA:397,0
DA:400,0
DA:401,0
DA:402,0
DA:403,0
DA:404,0
DA:405,0
DA:406,0
DA:408,0
DA:409,0
DA:410,0
DA:411,0
DA:412,0
DA:413,0
DA:414,0
DA:415,0
DA:418,0
DA:422,0
DA:423,0
DA:424,0
DA:425,0
DA:426,0
DA:427,0
DA:428,0
DA:429,0
DA:430,0
DA:431,0
DA:432,0
DA:433,0
DA:434,0
DA:435,0
DA:436,0
DA:437,0
DA:438,0
DA:440,0
DA:441,0
DA:442,0
DA:443,0
DA:444,0
DA:445,0
DA:449,0
DA:452,0
DA:453,0
DA:464,0
DA:465,0
DA:466,0
DA:467,0
DA:477,0
DA:478,0
DA:479,0
DA:480,0
DA:482,0
DA:483,0
BRF:0
BRH:0
LF:318
LH:29
end_of_record
SF:C:\Users\pl816\OneDrive\文件\git\my-http-server\src\parser\markdown.rs
FN:78,_RNCNvNtNtCsJUKjIpJSKG_14my_http_server6parser8markdown7get_toc0B7_
FN:85,_RNCNvNtNtCsJUKjIpJSKG_14my_http_server6parser8markdown7get_tocs_0B7_
FN:54,_RNvNtNtCsJUKjIpJSKG_14my_http_server6parser8markdown7get_toc
FN:26,_RNvNtNtCsJUKjIpJSKG_14my_http_server6parser8markdown8emit_toc
FN:110,_RNvNtNtCsJUKjIpJSKG_14my_http_server6parser8markdown9parser_md
FN:78,_RNCNvNtNtCsgBNAdYuGUwB_14my_http_server6parser8markdown7get_toc0B7_
FN:85,_RNCNvNtNtCsgBNAdYuGUwB_14my_http_server6parser8markdown7get_tocs_0B7_
FN:54,_RNvNtNtCsgBNAdYuGUwB_14my_http_server6parser8markdown7get_toc
FN:26,_RNvNtNtCsgBNAdYuGUwB_14my_http_server6parser8markdown8emit_toc
FN:110,_RNvNtNtCsgBNAdYuGUwB_14my_http_server6parser8markdown9parser_md
FN:54,_RNvNtNtCs9ofXrUXFSdM_14my_http_server6parser8markdown7get_toc
FN:26,_RNvNtNtCs9ofXrUXFSdM_14my_http_server6parser8markdown8emit_toc
FN:110,_RNvNtNtCs9ofXrUXFSdM_14my_http_server6parser8markdown9parser_md
FN:78,_RNCNvNtNtCs9ofXrUXFSdM_14my_http_server6parser8markdown7get_toc0B7_
FN:85,_RNCNvNtNtCs9ofXrUXFSdM_14my_http_server6parser8markdown7get_tocs_0B7_
FN:54,_RNvNtNtCslE1WvBQdpRb_14my_http_server6parser8markdown7get_toc
FN:26,_RNvNtNtCslE1WvBQdpRb_14my_http_server6parser8markdown8emit_toc
FN:110,_RNvNtNtCslE1WvBQdpRb_14my_http_server6parser8markdown9parser_md
FN:78,_RNCNvNtNtCslE1WvBQdpRb_14my_http_server6parser8markdown7get_toc0B7_
FN:85,_RNCNvNtNtCslE1WvBQdpRb_14my_http_server6parser8markdown7get_tocs_0B7_
FNDA:24,_RNCNvNtNtCsJUKjIpJSKG_14my_http_server6parser8markdown7get_toc0B7_
FNDA:26,_RNCNvNtNtCsJUKjIpJSKG_14my_http_server6parser8markdown7get_tocs_0B7_
FNDA:11,_RNvNtNtCsJUKjIpJSKG_14my_http_server6parser8markdown7get_toc
FNDA:35,_RNvNtNtCsJUKjIpJSKG_14my_http_server6parser8markdown8emit_toc
FNDA:37,_RNvNtNtCsJUKjIpJSKG_14my_http_server6parser8markdown9parser_md
FNDA:24,_RNCNvNtNtCsgBNAdYuGUwB_14my_http_server6parser8markdown7get_toc0B7_
FNDA:26,_RNCNvNtNtCsgBNAdYuGUwB_14my_http_server6parser8markdown7get_tocs_0B7_
FNDA:11,_RNvNtNtCsgBNAdYuGUwB_14my_http_server6parser8markdown7get_toc
FNDA:35,_RNvNtNtCsgBNAdYuGUwB_14my_http_server6parser8markdown8emit_toc
FNDA:37,_RNvNtNtCsgBNAdYuGUwB_14my_http_server6parser8markdown9parser_md
FNDA:11,_RNvNtNtCs9ofXrUXFSdM_14my_http_server6parser8markdown7get_toc
FNDA:35,_RNvNtNtCs9ofXrUXFSdM_14my_http_server6parser8markdown8emit_toc
FNDA:37,_RNvNtNtCs9ofXrUXFSdM_14my_http_server6parser8markdown9parser_md
FNDA:24,_RNCNvNtNtCs9ofXrUXFSdM_14my_http_server6parser8markdown7get_toc0B7_
FNDA:26,_RNCNvNtNtCs9ofXrUXFSdM_14my_http_server6parser8markdown7get_tocs_0B7_
FNDA:11,_RNvNtNtCslE1WvBQdpRb_14my_http_server6parser8markdown7get_toc
FNDA:35,_RNvNtNtCslE1WvBQdpRb_14my_http_server6parser8markdown8emit_toc
FNDA:37,_RNvNtNtCslE1WvBQdpRb_14my_http_server6parser8markdown9parser_md
FNDA:24,_RNCNvNtNtCslE1WvBQdpRb_14my_http_server6parser8markdown7get_toc0B7_
FNDA:26,_RNCNvNtNtCslE1WvBQdpRb_14my_http_server6parser8markdown7get_tocs_0B7_
FNF:5
FNH:5
DA:26,140
DA:27,236
DA:28,96
DA:29,0
DA:31,96
DA:33,96
DA:34,96
DA:35,96
DA:36,96
DA:37,96
DA:38,96
DA:39,96
DA:41,96
DA:42,96
DA:43,96
DA:45,140
DA:54,44
DA:55,44
DA:56,44
DA:57,44
DA:59,44
DA:61,44
DA:64,44
DA:65,44
DA:67,80
DA:68,80
DA:69,80
DA:70,80
DA:71,80
DA:72,80
DA:73,80
DA:74,80
DA:77,80
DA:78,96
DA:79,0
DA:80,0
DA:81,80
DA:83,80
DA:84,80
DA:85,104
DA:86,80
DA:87,80
DA:88,184
DA:89,104
DA:90,104
DA:94,44
DA:95,44
DA:96,44
DA:97,44
DA:98,44
DA:99,44
DA:101,44
DA:102,44
DA:103,44
DA:110,148
DA:113,148
DA:114,148
DA:115,148
DA:117,148
DA:118,0
DA:119,148
BRF:0
BRH:0
LF:63
LH:59
end_of_record
SF:C:\Users\pl816\OneDrive\文件\git\my-http-server\src\parser\mod.rs
FN:59,_RNvNtCsJUKjIpJSKG_14my_http_server6parser7md2html
FN:84,_RNvXNvNtCsJUKjIpJSKG_14my_http_server6parser7md2htmlNtB2_19ReplaceGithubEmojisNtNtNtCs2F8oPuKGxP2_12markdown_ppp13ast_transform11transformer11Transformer16transform_inline
FN:59,_RNvNtCsgBNAdYuGUwB_14my_http_server6parser7md2html
FN:59,_RNvNtCs9ofXrUXFSdM_14my_http_server6parser7md2html
FN:84,_RNvXNvNtCs9ofXrUXFSdM_14my_http_server6parser7md2htmlNtB2_19ReplaceGithubEmojisNtNtNtCs2F8oPuKGxP2_12markdown_ppp13ast_transform11transformer11Transformer16transform_inline
FN:59,_RNvNtCslE1WvBQdpRb_14my_http_server6parser7md2html
FNDA:9,_RNvNtCsJUKjIpJSKG_14my_http_server6parser7md2html
FNDA:8,_RNvXNvNtCsJUKjIpJSKG_14my_http_server6parser7md2htmlNtB2_19ReplaceGithubEmojisNtNtNtCs2F8oPuKGxP2_12markdown_ppp13ast_transform11transformer11Transformer16transform_inline
FNDA:9,_RNvNtCsgBNAdYuGUwB_14my_http_server6parser7md2html
FNDA:9,_RNvNtCs9ofXrUXFSdM_14my_http_server6parser7md2html
FNDA:8,_RNvXNvNtCs9ofXrUXFSdM_14my_http_server6parser7md2htmlNtB2_19ReplaceGithubEmojisNtNtNtCs2F8oPuKGxP2_12markdown_ppp13ast_transform11transformer11Transformer16transform_inline
FNDA:9,_RNvNtCslE1WvBQdpRb_14my_http_server6parser7md2html
FNF:2
FNH:2
DA:59,36
DA:60,36
DA:61,36
DA:62,36
DA:63,36
DA:64,36
DA:65,36
DA:67,72
DA:68,36
DA:69,36
DA:72,36
DA:73,36
DA:74,36
DA:75,0
DA:77,32
DA:79,32
DA:84,16
DA:85,16
DA:86,16
DA:87,16
DA:88,16
DA:89,16
DA:90,16
DA:91,16
DA:92,16
DA:93,0
DA:94,0
DA:95,0
DA:96,0
DA:102,0
DA:104,16
DA:105,0
DA:106,0
DA:107,0
DA:108,0
DA:110,16
DA:112,0
DA:114,16
DA:117,16
DA:118,0
DA:119,0
DA:120,0
DA:121,0
DA:122,0
DA:123,16
DA:124,16
DA:125,16
DA:126,16
DA:127,16
DA:129,0
DA:130,0
DA:131,0
DA:132,0
DA:137,32
DA:138,32
DA:139,32
DA:140,32
DA:144,32
DA:145,32
DA:146,32
DA:147,0
DA:148,0
DA:149,0
DA:152,36
BRF:0
BRH:0
LF:64
LH:41
end_of_record
SF:C:\Users\pl816\OneDrive\文件\git\my-http-server\src\parser\templating.rs
FN:93,_RNvNtNtCsJUKjIpJSKG_14my_http_server6parser10templating10get_engine
FN:68,_RNvNtNtCsJUKjIpJSKG_14my_http_server6parser10templating11get_context
FN:25,_RNvNtNtCsJUKjIpJSKG_14my_http_server6parser10templating17set_context_value
FN:94,_RNCNvNtNtCsJUKjIpJSKG_14my_http_server6parser10templating10get_engine0B7_
FN:104,_RNCNvNtNtCsJUKjIpJSKG_14my_http_server6parser10templating10get_engines0_0B7_
FN:103,_RNCNvNtNtCsJUKjIpJSKG_14my_http_server6parser10templating10get_engines_0B7_
FN:72,_RNCNvNtNtCsJUKjIpJSKG_14my_http_server6parser10templating11get_context0B7_
FN:93,_RNvNtNtCsgBNAdYuGUwB_14my_http_server6parser10templating10get_engine
FN:68,_RNvNtNtCsgBNAdYuGUwB_14my_http_server6parser10templating11get_context
FN:25,_RNvNtNtCsgBNAdYuGUwB_14my_http_server6parser10templating17set_context_value
FN:94,_RNCNvNtNtCsgBNAdYuGUwB_14my_http_server6parser10templating10get_engine0B7_
FN:104,_RNCNvNtNtCsgBNAdYuGUwB_14my_http_server6parser10templating10get_engines0_0B7_
FN:103,_RNCNvNtNtCsgBNAdYuGUwB_14my_http_server6parser10templating10get_engines_0B7_
FN:72,_RNCNvNtNtCsgBNAdYuGUwB_14my_http_server6parser10templating11get_context0B7_
FN:94,_RNCNvNtNtCs9ofXrUXFSdM_14my_http_server6parser10templating10get_engine0B7_
FN:104,_RNCNvNtNtCs9ofXrUXFSdM_14my_http_server6parser10templating10get_engines0_0B7_
FN:103,_RNCNvNtNtCs9ofXrUXFSdM_14my_http_server6parser10templating10get_engines_0B7_
FN:72,_RNCNvNtNtCs9ofXrUXFSdM_14my_http_server6parser10templating11get_context0B7_
FN:93,_RNvNtNtCs9ofXrUXFSdM_14my_http_server6parser10templating10get_engine
FN:68,_RNvNtNtCs9ofXrUXFSdM_14my_http_server6parser10templating11get_context
FN:25,_RNvNtNtCs9ofXrUXFSdM_14my_http_server6parser10templating17set_context_value
FN:94,_RNCNvNtNtCslE1WvBQdpRb_14my_http_server6parser10templating10get_engine0B7_
FN:104,_RNCNvNtNtCslE1WvBQdpRb_14my_http_server6parser10templating10get_engines0_0B7_
FN:103,_RNCNvNtNtCslE1WvBQdpRb_14my_http_server6parser10templating10get_engines_0B7_
FN:72,_RNCNvNtNtCslE1WvBQdpRb_14my_http_server6parser10templating11get_context0B7_
FN:93,_RNvNtNtCslE1WvBQdpRb_14my_http_server6parser10templating10get_engine
FN:68,_RNvNtNtCslE1WvBQdpRb_14my_http_server6parser10templating11get_context
FN:25,_RNvNtNtCslE1WvBQdpRb_14my_http_server6parser10templating17set_context_value
FNDA:9,_RNvNtNtCsJUKjIpJSKG_14my_http_server6parser10templating10get_engine
FNDA:11,_RNvNtNtCsJUKjIpJSKG_14my_http_server6parser10templating11get_context
FNDA:40,_RNvNtNtCsJUKjIpJSKG_14my_http_server6parser10templating17set_context_value
FNDA:9,_RNCNvNtNtCsJUKjIpJSKG_14my_http_server6parser10templating10get_engine0B7_
FNDA:0,_RNCNvNtNtCsJUKjIpJSKG_14my_http_server6parser10templating10get_engines0_0B7_
FNDA:9,_RNCNvNtNtCsJUKjIpJSKG_14my_http_server6parser10templating10get_engines_0B7_
FNDA:0,_RNCNvNtNtCsJUKjIpJSKG_14my_http_server6parser10templating11get_context0B7_
FNDA:9,_RNvNtNtCsgBNAdYuGUwB_14my_http_server6parser10templating10get_engine
FNDA:11,_RNvNtNtCsgBNAdYuGUwB_14my_http_server6parser10templating11get_context
FNDA:40,_RNvNtNtCsgBNAdYuGUwB_14my_http_server6parser10templating17set_context_value
FNDA:9,_RNCNvNtNtCsgBNAdYuGUwB_14my_http_server6parser10templating10get_engine0B7_
FNDA:0,_RNCNvNtNtCsgBNAdYuGUwB_14my_http_server6parser10templating10get_engines0_0B7_
FNDA:9,_RNCNvNtNtCsgBNAdYuGUwB_14my_http_server6parser10templating10get_engines_0B7_
FNDA:0,_RNCNvNtNtCsgBNAdYuGUwB_14my_http_server6parser10templating11get_context0B7_
FNDA:9,_RNCNvNtNtCs9ofXrUXFSdM_14my_http_server6parser10templating10get_engine0B7_
FNDA:0,_RNCNvNtNtCs9ofXrUXFSdM_14my_http_server6parser10templating10get_engines0_0B7_
FNDA:9,_RNCNvNtNtCs9ofXrUXFSdM_14my_http_server6parser10templating10get_engines_0B7_
FNDA:0,_RNCNvNtNtCs9ofXrUXFSdM_14my_http_server6parser10templating11get_context0B7_
FNDA:9,_RNvNtNtCs9ofXrUXFSdM_14my_http_server6parser10templating10get_engine
FNDA:11,_RNvNtNtCs9ofXrUXFSdM_14my_http_server6parser10templating11get_context
FNDA:40,_RNvNtNtCs9ofXrUXFSdM_14my_http_server6parser10templating17set_context_value
FNDA:9,_RNCNvNtNtCslE1WvBQdpRb_14my_http_server6parser10templating10get_engine0B7_
FNDA:0,_RNCNvNtNtCslE1WvBQdpRb_14my_http_server6parser10templating10get_engines0_0B7_
FNDA:9,_RNCNvNtNtCslE1WvBQdpRb_14my_http_server6parser10templating10get_engines_0B7_
FNDA:0,_RNCNvNtNtCslE1WvBQdpRb_14my_http_server6parser10templating11get_context0B7_
FNDA:9,_RNvNtNtCslE1WvBQdpRb_14my_http_server6parser10templating10get_engine
FNDA:11,_RNvNtNtCslE1WvBQdpRb_14my_http_server6parser10templating11get_context
FNDA:40,_RNvNtNtCslE1WvBQdpRb_14my_http_server6parser10templating17set_context_value
FNF:7
FNH:5
DA:25,160
DA:26,160
DA:29,160
DA:30,156
DA:31,156
DA:32,156
DA:33,4
DA:34,152
DA:36,152
DA:37,20
DA:39,20
DA:40,16
DA:41,16
DA:43,4
DA:45,132
DA:47,148
DA:48,32
DA:49,32
DA:50,116
DA:53,116
DA:54,32
DA:55,84
DA:56,84
DA:57,84
DA:58,4
DA:59,160
DA:68,44
DA:69,44
DA:70,44
DA:72,44
DA:73,0
DA:74,0
DA:75,0
DA:76,44
DA:77,0
DA:78,0
DA:79,0
DA:80,44
DA:82,44
DA:83,44
DA:93,36
DA:94,36
DA:95,36
DA:96,36
DA:97,0
DA:98,36
DA:99,36
DA:100,36
DA:102,36
DA:103,36
DA:104,36
DA:105,36
BRF:0
BRH:0
LF:56
LH:47
end_of_record
SF:C:\Users\pl816\OneDrive\文件\git\my-http-server\src\request.rs
FN:199,_RNCNCNvNvXNtCsJUKjIpJSKG_14my_http_server7requestNtB8_8main_reqNtNtCshOI2ER98jHf_9actix_web7service18HttpServiceFactory8register8main_req00Ba_
FN:248,_RNCNCNvNvXNtCsJUKjIpJSKG_14my_http_server7requestNtB8_8main_reqNtNtCshOI2ER98jHf_9actix_web7service18HttpServiceFactory8register8main_req0s_0Ba_
FN:81,_RNCNvNtCsJUKjIpJSKG_14my_http_server7request11respond_4040B5_
FN:122,_RNCNvNtCsJUKjIpJSKG_14my_http_server7request32render_markdown_to_html_response0B5_
FN:193,_RNCNvNvXNtCsJUKjIpJSKG_14my_http_server7requestNtB6_8main_reqNtNtCshOI2ER98jHf_9actix_web7service18HttpServiceFactory8register8main_req0B8_
FN:81,_RNvNtCsJUKjIpJSKG_14my_http_server7request11respond_404
FN:151,_RNvNtCsJUKjIpJSKG_14my_http_server7request27render_toc_to_html_response
FN:111,_RNvNtCsJUKjIpJSKG_14my_http_server7request32render_markdown_to_html_response
FN:193,_RNvNvXNtCsJUKjIpJSKG_14my_http_server7requestNtB4_8main_reqNtNtCshOI2ER98jHf_9actix_web7service18HttpServiceFactory8register8main_req
FN:73,_RNvNtCsJUKjIpJSKG_14my_http_server7request12server_error
FN:73,_RNvNtCsgBNAdYuGUwB_14my_http_server7request12server_error
FN:199,_RNCNCNvNvXNtCsgBNAdYuGUwB_14my_http_server7requestNtB8_8main_reqNtNtCshOI2ER98jHf_9actix_web7service18HttpServiceFactory8register8main_req00Ba_
FN:248,_RNCNCNvNvXNtCsgBNAdYuGUwB_14my_http_server7requestNtB8_8main_reqNtNtCshOI2ER98jHf_9actix_web7service18HttpServiceFactory8register8main_req0s_0Ba_
FN:81,_RNCNvNtCsgBNAdYuGUwB_14my_http_server7request11respond_4040B5_
FN:122,_RNCNvNtCsgBNAdYuGUwB_14my_http_server7request32render_markdown_to_html_response0B5_
FN:193,_RNCNvNvXNtCsgBNAdYuGUwB_14my_http_server7requestNtB6_8main_reqNtNtCshOI2ER98jHf_9actix_web7service18HttpServiceFactory8register8main_req0B8_
FN:81,_RNvNtCsgBNAdYuGUwB_14my_http_server7request11respond_404
FN:151,_RNvNtCsgBNAdYuGUwB_14my_http_server7request27render_toc_to_html_response
FN:111,_RNvNtCsgBNAdYuGUwB_14my_http_server7request32render_markdown_to_html_response
FN:193,_RNvNvXNtCsgBNAdYuGUwB_14my_http_server7requestNtB4_8main_reqNtNtCshOI2ER98jHf_9actix_web7service18HttpServiceFactory8register8main_req
FN:199,_RNCNCNvNvXNtCs9ofXrUXFSdM_14my_http_server7requestNtB8_8main_reqNtNtCs2w4TRgjrzQ8_9actix_web7service18HttpServiceFactory8register8main_req00Ba_
FN:248,_RNCNCNvNvXNtCs9ofXrUXFSdM_14my_http_server7requestNtB8_8main_reqNtNtCs2w4TRgjrzQ8_9actix_web7service18HttpServiceFactory8register8main_req0s_0Ba_
[...]
FNH:16
DA:8,4
DA:9,4
DA:10,4
DA:11,4
DA:12,4
DA:15,4
DA:16,4
DA:17,4
DA:18,4
DA:19,4
DA:22,4
DA:23,4
DA:24,4
DA:25,4
DA:26,4
DA:29,4
DA:30,4
DA:31,4
DA:32,4
DA:33,4
DA:36,4
DA:37,4
DA:38,4
DA:39,4
DA:40,4
DA:43,4
DA:45,4
DA:46,4
DA:47,4
DA:48,4
DA:51,4
DA:52,4
DA:53,4
DA:56,4
DA:57,4
DA:58,4
DA:61,4
DA:62,4
DA:63,4
DA:66,4
DA:67,4
DA:68,4
DA:69,4
DA:72,4
DA:73,4
DA:74,4
DA:77,4
DA:78,4
DA:79,4
DA:80,4
DA:84,4
DA:87,4
DA:90,4
DA:91,4
DA:94,4
DA:95,4
DA:98,4
DA:99,4
DA:100,4
DA:103,4
DA:105,4
DA:106,4
DA:107,4
DA:109,4
DA:110,4
DA:111,4
DA:114,4
DA:115,4
DA:116,4
DA:117,4
DA:119,4
DA:120,4
DA:121,4
DA:124,4
DA:125,4
DA:126,4
DA:127,4
BRF:0
BRH:0
LF:77
LH:77
end_of_record
SF:C:\Users\pl816\OneDrive\文件\git\my-http-server\src\test\templating.rs
FN:247,_RNvNtNtCsJUKjIpJSKG_14my_http_server4test10templatings_20test_env_var_missing
FN:276,_RNvNtNtCsJUKjIpJSKG_14my_http_server4test10templatings_28test_context_value_overwrite
FN:262,_RNvNtNtCsJUKjIpJSKG_14my_http_server4test10templatings_28test_multiple_context_values
FN:48,_RNvNtNtCsJUKjIpJSKG_14my_http_server4test10templatings_29test_set_context_value_string
FN:30,_RNvNtNtCsJUKjIpJSKG_14my_http_server4test10templatings_30test_set_context_value_integer
FN:181,_RNvNtNtCsJUKjIpJSKG_14my_http_server4test10templatings_30test_set_context_value_unicode
FN:101,_RNvNtNtCsJUKjIpJSKG_14my_http_server4test10templatings_31test_set_context_value_env_bool
FN:12,_RNvNtNtCsJUKjIpJSKG_14my_http_server4test10templatings_32test_set_context_value_bool_true
FN:21,_RNvNtNtCsJUKjIpJSKG_14my_http_server4test10templatings_33test_set_context_value_bool_false
FN:144,_RNvNtNtCsJUKjIpJSKG_14my_http_server4test10templatings_33test_set_context_value_empty_name
FN:118,_RNvNtNtCsJUKjIpJSKG_14my_http_server4test10templatings_33test_set_context_value_env_number
FN:220,_RNvNtNtCsJUKjIpJSKG_14my_http_server4test10templatings_34test_context_value_inference_order
FN:172,_RNvNtNtCsJUKjIpJSKG_14my_http_server4test10templatings_34test_set_context_value_empty_value
FN:84,_RNvNtNtCsJUKjIpJSKG_14my_http_server4test10templatings_35test_set_context_value_env_variable
FN:190,_RNvNtNtCsJUKjIpJSKG_14my_http_server4test10templatings_36test_set_context_value_special_chars
FN:162,_RNvNtNtCsJUKjIpJSKG_14my_http_server4test10templatings_38test_set_context_value_multiple_colons
FN:66,_RNvNtNtCsJUKjIpJSKG_14my_http_server4test10templatings_38test_set_context_value_type_precedence
FN:39,_RNvNtNtCsJUKjIpJSKG_14my_http_server4test10templatings_39test_set_context_value_negative_integer
FN:199,_RNvNtNtCsJUKjIpJSKG_14my_http_server4test10templatings_40test_get_context_includes_server_version
FN:135,_RNvNtNtCsJUKjIpJSKG_14my_http_server4test10templatings_41test_set_context_value_malformed_no_colon
FN:57,_RNvNtNtCsJUKjIpJSKG_14my_http_server4test10templatings_41test_set_context_value_string_with_spaces
FN:153,_RNvNtNtCsJUKjIpJSKG_14my_http_server4test10templatings_42test_set_context_value_whitespace_handling
FN:247,_RNvNtNtCsgBNAdYuGUwB_14my_http_server4test10templatings_20test_env_var_missing
FN:276,_RNvNtNtCsgBNAdYuGUwB_14my_http_server4test10templatings_28test_context_value_overwrite
FN:262,_RNvNtNtCsgBNAdYuGUwB_14my_http_server4test10templatings_28test_multiple_context_values
FN:48,_RNvNtNtCsgBNAdYuGUwB_14my_http_server4test10templatings_29test_set_context_value_string
FN:30,_RNvNtNtCsgBNAdYuGUwB_14my_http_server4test10templatings_30test_set_context_value_integer
FN:181,_RNvNtNtCsgBNAdYuGUwB_14my_http_server4test10templatings_30test_set_context_value_unicode
FN:101,_RNvNtNtCsgBNAdYuGUwB_14my_http_server4test10templatings_31test_set_context_value_env_bool
FN:12,_RNvNtNtCsgBNAdYuGUwB_14my_http_server4test10templatings_32test_set_context_value_bool_true
FN:21,_RNvNtNtCsgBNAdYuGUwB_14my_http_server4test10templatings_33test_set_context_value_bool_false
FN:144,_RNvNtNtCsgBNAdYuGUwB_14my_http_server4test10templatings_33test_set_context_value_empty_name
FN:118,_RNvNtNtCsgBNAdYuGUwB_14my_http_server4test10templatings_33test_set_context_value_env_number
FN:220,_RNvNtNtCsgBNAdYuGUwB_14my_http_server4test10templatings_34test_context_value_inference_order
FN:172,_RNvNtNtCsgBNAdYuGUwB_14my_http_server4test10templatings_34test_set_context_value_empty_value
FN:84,_RNvNtNtCsgBNAdYuGUwB_14my_http_server4test10templatings_35test_set_context_value_env_variable
FN:190,_RNvNtNtCsgBNAdYuGUwB_14my_http_server4test10templatings_36test_set_context_value_special_chars
FN:162,_RNvNtNtCsgBNAdYuGUwB_14my_http_server4test10templatings_38test_set_context_value_multiple_colons
FN:66,_RNvNtNtCsgBNAdYuGUwB_14my_http_server4test10templatings_38test_set_context_value_type_precedence
FN:39,_RNvNtNtCsgBNAdYuGUwB_14my_http_server4test10templatings_39test_set_context_value_negative_integer
FN:199,_RNvNtNtCsgBNAdYuGUwB_14my_http_server4test10templatings_40test_get_context_includes_server_version
FN:135,_RNvNtNtCsgBNAdYuGUwB_14my_http_server4test10templatings_41test_set_context_value_malformed_no_colon
FN:57,_RNvNtNtCsgBNAdYuGUwB_14my_http_server4test10templatings_41test_set_context_value_string_with_spaces
FN:153,_RNvNtNtCsgBNAdYuGUwB_14my_http_server4test10templatings_42test_set_context_value_whitespace_handling
FN:247,_RNvNtNtCs9ofXrUXFSdM_14my_http_server4test10templatings_20test_env_var_missing
FN:276,_RNvNtNtCs9ofXrUXFSdM_14my_http_server4test10templatings_28test_context_value_overwrite
FN:262,_RNvNtNtCs9ofXrUXFSdM_14my_http_server4test10templatings_28test_multiple_context_values
FN:48,_RNvNtNtCs9ofXrUXFSdM_14my_http_server4test10templatings_29test_set_context_value_string
FN:30,_RNvNtNtCs9ofXrUXFSdM_14my_http_server4test10templatings_30test_set_context_value_integer
FN:181,_RNvNtNtCs9ofXrUXFSdM_14my_http_server4test10templatings_30test_set_context_value_unicode
FN:101,_RNvNtNtCs9ofXrUXFSdM_14my_http_server4test10templatings_31test_set_context_value_env_bool
FN:12,_RNvNtNtCs9ofXrUXFSdM_14my_http_server4test10templatings_32test_set_context_value_bool_true
FN:21,_RNvNtNtCs9ofXrUXFSdM_14my_http_server4test10templatings_33test_set_context_value_bool_false
FN:144,_RNvNtNtCs9ofXrUXFSdM_14my_http_server4test10templatings_33test_set_context_value_empty_name
FN:118,_RNvNtNtCs9ofXrUXFSdM_14my_http_server4test10templatings_33test_set_context_value_env_number
FN:220,_RNvNtNtCs9ofXrUXFSdM_14my_http_server4test10templatings_34test_context_value_inference_order
FN:172,_RNvNtNtCs9ofXrUXFSdM_14my_http_server4test10templatings_34test_set_context_value_empty_value
FN:84,_RNvNtNtCs9ofXrUXFSdM_14my_http_server4test10templatings_35test_set_context_value_env_variable
FN:190,_RNvNtNtCs9ofXrUXFSdM_14my_http_server4test10templatings_36test_set_context_value_special_chars
FN:162,_RNvNtNtCs9ofXrUXFSdM_14my_http_server4test10templatings_38test_set_context_value_multiple_colons
FN:66,_RNvNtNtCs9ofXrUXFSdM_14my_http_server4test10templatings_38test_set_context_value_type_precedence
FN:39,_RNvNtNtCs9ofXrUXFSdM_14my_http_server4test10templatings_39test_set_context_value_negative_integer
FN:199,_RNvNtNtCs9ofXrUXFSdM_14my_http_server4test10templatings_40test_get_context_includes_server_version
FN:135,_RNvNtNtCs9ofXrUXFSdM_14my_http_server4test10templatings_41test_set_context_value_malformed_no_colon
FN:57,_RNvNtNtCs9ofXrUXFSdM_14my_http_server4test10templatings_41test_set_context_value_string_with_spaces
FN:153,_RNvNtNtCs9ofXrUXFSdM_14my_http_server4test10templatings_42test_set_context_value_whitespace_handling
FN:247,_RNvNtNtCslE1WvBQdpRb_14my_http_server4test10templatings_20test_env_var_missing
FN:276,_RNvNtNtCslE1WvBQdpRb_14my_http_server4test10templatings_28test_context_value_overwrite
FN:262,_RNvNtNtCslE1WvBQdpRb_14my_http_server4test10templatings_28test_multiple_context_values
FN:48,_RNvNtNtCslE1WvBQdpRb_14my_http_server4test10templatings_29test_set_context_value_string
FN:30,_RNvNtNtCslE1WvBQdpRb_14my_http_server4test10templatings_30test_set_context_value_integer
FN:181,_RNvNtNtCslE1WvBQdpRb_14my_http_server4test10templatings_30test_set_context_value_unicode
FN:101,_RNvNtNtCslE1WvBQdpRb_14my_http_server4test10templatings_31test_set_context_value_env_bool
FN:12,_RNvNtNtCslE1WvBQdpRb_14my_http_server4test10templatings_32test_set_context_value_bool_true
FN:21,_RNvNtNtCslE1WvBQdpRb_14my_http_server4test10templatings_33test_set_context_value_bool_false
FN:144,_RNvNtNtCslE1WvBQdpRb_14my_http_server4test10templatings_33test_set_context_value_empty_name
FN:118,_RNvNtNtCslE1WvBQdpRb_14my_http_server4test10templatings_33test_set_context_value_env_number
FN:220,_RNvNtNtCslE1WvBQdpRb_14my_http_server4test10templatings_34test_context_value_inference_order
FN:172,_RNvNtNtCslE1WvBQdpRb_14my_http_server4test10templatings_34test_set_context_value_empty_value
FN:84,_RNvNtNtCslE1WvBQdpRb_14my_http_server4test10templatings_35test_set_context_value_env_variable
FN:190,_RNvNtNtCslE1WvBQdpRb_14my_http_server4test10templatings_36test_set_context_value_special_chars
FN:162,_RNvNtNtCslE1WvBQdpRb_14my_http_server4test10templatings_38test_set_context_value_multiple_colons
FN:66,_RNvNtNtCslE1WvBQdpRb_14my_http_server4test10templatings_38test_set_context_value_type_precedence
FN:39,_RNvNtNtCslE1WvBQdpRb_14my_http_server4test10templatings_39test_set_context_value_negative_integer
FN:199,_RNvNtNtCslE1WvBQdpRb_14my_http_server4test10templatings_40test_get_context_includes_server_version
FN:135,_RNvNtNtCslE1WvBQdpRb_14my_http_server4test10templatings_41test_set_context_value_malformed_no_colon
FN:57,_RNvNtNtCslE1WvBQdpRb_14my_http_server4test10templatings_41test_set_context_value_string_with_spaces
FN:153,_RNvNtNtCslE1WvBQdpRb_14my_http_server4test10templatings_42test_set_context_value_whitespace_handling
FNDA:1,_RNvNtNtCsJUKjIpJSKG_14my_http_server4test10templatings_20test_env_var_missing
FNDA:1,_RNvNtNtCsJUKjIpJSKG_14my_http_server4test10templatings_28test_context_value_overwrite
FNDA:1,_RNvNtNtCsJUKjIpJSKG_14my_http_server4test10templatings_28test_multiple_context_values
FNDA:1,_RNvNtNtCsJUKjIpJSKG_14my_http_server4test10templatings_29test_set_context_value_string
FNDA:1,_RNvNtNtCsJUKjIpJSKG_14my_http_server4test10templatings_30test_set_context_value_integer
FNDA:1,_RNvNtNtCsJUKjIpJSKG_14my_http_server4test10templatings_30test_set_context_value_unicode
FNDA:1,_RNvNtNtCsJUKjIpJSKG_14my_http_server4test10templatings_31test_set_context_value_env_bool
FNDA:1,_RNvNtNtCsJUKjIpJSKG_14my_http_server4test10templatings_32test_set_context_value_bool_true
FNDA:1,_RNvNtNtCsJUKjIpJSKG_14my_http_server4test10templatings_33test_set_context_value_bool_false
FNDA:1,_RNvNtNtCsJUKjIpJSKG_14my_http_server4test10templatings_33test_set_context_value_empty_name
FNDA:1,_RNvNtNtCsJUKjIpJSKG_14my_http_server4test10templatings_33test_set_context_value_env_number
FNDA:1,_RNvNtNtCsJUKjIpJSKG_14my_http_server4test10templatings_34test_context_value_inference_order
FNDA:1,_RNvNtNtCsJUKjIpJSKG_14my_http_server4test10templatings_34test_set_context_value_empty_value
FNDA:1,_RNvNtNtCsJUKjIpJSKG_14my_http_server4test10templatings_35test_set_context_value_env_variable
FNDA:1,_RNvNtNtCsJUKjIpJSKG_14my_http_server4test10templatings_36test_set_context_value_special_chars
FNDA:1,_RNvNtNtCsJUKjIpJSKG_14my_http_server4test10templatings_38test_set_context_value_multiple_colons
FNDA:1,_RNvNtNtCsJUKjIpJSKG_14my_http_server4test10templatings_38test_set_context_value_type_precedence
FNDA:1,_RNvNtNtCsJUKjIpJSKG_14my_http_server4test10templatings_39test_set_context_value_negative_integer
FNDA:1,_RNvNtNtCsJUKjIpJSKG_14my_http_server4test10templatings_40test_get_context_includes_server_version
FNDA:1,_RNvNtNtCsJUKjIpJSKG_14my_http_server4test10templatings_41test_set_context_value_malformed_no_colon
FNDA:1,_RNvNtNtCsJUKjIpJSKG_14my_http_server4test10templatings_41test_set_context_value_string_with_spaces
FNDA:1,_RNvNtNtCsJUKjIpJSKG_14my_http_server4test10templatings_42test_set_context_value_whitespace_handling
FNDA:1,_RNvNtNtCsgBNAdYuGUwB_14my_http_server4test10templatings_20test_env_var_missing
FNDA:1,_RNvNtNtCsgBNAdYuGUwB_14my_http_server4test10templatings_28test_context_value_overwrite
FNDA:1,_RNvNtNtCsgBNAdYuGUwB_14my_http_server4test10templatings_28test_multiple_context_values
FNDA:1,_RNvNtNtCsgBNAdYuGUwB_14my_http_server4test10templatings_29test_set_context_value_string
FNDA:1,_RNvNtNtCsgBNAdYuGUwB_14my_http_server4test10templatings_30test_set_context_value_integer
FNDA:1,_RNvNtNtCsgBNAdYuGUwB_14my_http_server4test10templatings_30test_set_context_value_unicode
FNDA:1,_RNvNtNtCsgBNAdYuGUwB_14my_http_server4test10templatings_31test_set_context_value_env_bool
FNDA:1,_RNvNtNtCsgBNAdYuGUwB_14my_http_server4test10templatings_32test_set_context_value_bool_true
FNDA:1,_RNvNtNtCsgBNAdYuGUwB_14my_http_server4test10templatings_33test_set_context_value_bool_false
FNDA:1,_RNvNtNtCsgBNAdYuGUwB_14my_http_server4test10templatings_33test_set_context_value_empty_name
FNDA:1,_RNvNtNtCsgBNAdYuGUwB_14my_http_server4test10templatings_33test_set_context_value_env_number
FNDA:1,_RNvNtNtCsgBNAdYuGUwB_14my_http_server4test10templatings_34test_context_value_inference_order
FNDA:1,_RNvNtNtCsgBNAdYuGUwB_14my_http_server4test10templatings_34test_set_context_value_empty_value
FNDA:1,_RNvNtNtCsgBNAdYuGUwB_14my_http_server4test10templatings_35test_set_context_value_env_variable
FNDA:1,_RNvNtNtCsgBNAdYuGUwB_14my_http_server4test10templatings_36test_set_context_value_special_chars
FNDA:1,_RNvNtNtCsgBNAdYuGUwB_14my_http_server4test10templatings_38test_set_context_value_multiple_colons
FNDA:1,_RNvNtNtCsgBNAdYuGUwB_14my_http_server4test10templatings_38test_set_context_value_type_precedence
FNDA:1,_RNvNtNtCsgBNAdYuGUwB_14my_http_server4test10templatings_39test_set_context_value_negative_integer
FNDA:1,_RNvNtNtCsgBNAdYuGUwB_14my_http_server4test10templatings_40test_get_context_includes_server_version
FNDA:1,_RNvNtNtCsgBNAdYuGUwB_14my_http_server4test10templatings_41test_set_context_value_malformed_no_colon
FNDA:1,_RNvNtNtCsgBNAdYuGUwB_14my_http_server4test10templatings_41test_set_context_value_string_with_spaces
FNDA:1,_RNvNtNtCsgBNAdYuGUwB_14my_http_server4test10templatings_42test_set_context_value_whitespace_handling
FNDA:1,_RNvNtNtCs9ofXrUXFSdM_14my_http_server4test10templatings_20test_env_var_missing
FNDA:1,_RNvNtNtCs9ofXrUXFSdM_14my_http_server4test10templatings_28test_context_value_overwrite
FNDA:1,_RNvNtNtCs9ofXrUXFSdM_14my_http_server4test10templatings_28test_multiple_context_values
FNDA:1,_RNvNtNtCs9ofXrUXFSdM_14my_http_server4test10templatings_29test_set_context_value_string
FNDA:1,_RNvNtNtCs9ofXrUXFSdM_14my_http_server4test10templatings_30test_set_context_value_integer
FNDA:1,_RNvNtNtCs9ofXrUXFSdM_14my_http_server4test10templatings_30test_set_context_value_unicode
FNDA:1,_RNvNtNtCs9ofXrUXFSdM_14my_http_server4test10templatings_31test_set_context_value_env_bool
FNDA:1,_RNvNtNtCs9ofXrUXFSdM_14my_http_server4test10templatings_32test_set_context_value_bool_true
FNDA:1,_RNvNtNtCs9ofXrUXFSdM_14my_http_server4test10templatings_33test_set_context_value_bool_false
FNDA:1,_RNvNtNtCs9ofXrUXFSdM_14my_http_server4test10templatings_33test_set_context_value_empty_name
FNDA:1,_RNvNtNtCs9ofXrUXFSdM_14my_http_server4test10templatings_33test_set_context_value_env_number
FNDA:1,_RNvNtNtCs9ofXrUXFSdM_14my_http_server4test10templatings_34test_context_value_inference_order
FNDA:1,_RNvNtNtCs9ofXrUXFSdM_14my_http_server4test10templatings_34test_set_context_value_empty_value
FNDA:1,_RNvNtNtCs9ofXrUXFSdM_14my_http_server4test10templatings_35test_set_context_value_env_variable
FNDA:1,_RNvNtNtCs9ofXrUXFSdM_14my_http_server4test10templatings_36test_set_context_value_special_chars
FNDA:1,_RNvNtNtCs9ofXrUXFSdM_14my_http_server4test10templatings_38test_set_context_value_multiple_colons
FNDA:1,_RNvNtNtCs9ofXrUXFSdM_14my_http_server4test10templatings_38test_set_context_value_type_precedence
FNDA:1,_RNvNtNtCs9ofXrUXFSdM_14my_http_server4test10templatings_39test_set_context_value_negative_integer
FNDA:1,_RNvNtNtCs9ofXrUXFSdM_14my_http_server4test10templatings_40test_get_context_includes_server_version
FNDA:1,_RNvNtNtCs9ofXrUXFSdM_14my_http_server4test10templatings_41test_set_context_value_malformed_no_colon
FNDA:1,_RNvNtNtCs9ofXrUXFSdM_14my_http_server4test10templatings_41test_set_context_value_string_with_spaces
FNDA:1,_RNvNtNtCs9ofXrUXFSdM_14my_http_server4test10templatings_42test_set_context_value_whitespace_handling
FNDA:1,_RNvNtNtCslE1WvBQdpRb_14my_http_server4test10templatings_20test_env_var_missing
FNDA:1,_RNvNtNtCslE1WvBQdpRb_14my_http_server4test10templatings_28test_context_value_overwrite
FNDA:1,_RNvNtNtCslE1WvBQdpRb_14my_http_server4test10templatings_28test_multiple_context_values
FNDA:1,_RNvNtNtCslE1WvBQdpRb_14my_http_server4test10templatings_29test_set_context_value_string
FNDA:1,_RNvNtNtCslE1WvBQdpRb_14my_http_server4test10templatings_30test_set_context_value_integer
FNDA:1,_RNvNtNtCslE1WvBQdpRb_14my_http_server4test10templatings_30test_set_context_value_unicode
FNDA:1,_RNvNtNtCslE1WvBQdpRb_14my_http_server4test10templatings_31test_set_context_value_env_bool
FNDA:1,_RNvNtNtCslE1WvBQdpRb_14my_http_server4test10templatings_32test_set_context_value_bool_true
FNDA:1,_RNvNtNtCslE1WvBQdpRb_14my_http_server4test10templatings_33test_set_context_value_bool_false
FNDA:1,_RNvNtNtCslE1WvBQdpRb_14my_http_server4test10templatings_33test_set_context_value_empty_name
FNDA:1,_RNvNtNtCslE1WvBQdpRb_14my_http_server4test10templatings_33test_set_context_value_env_number
FNDA:1,_RNvNtNtCslE1WvBQdpRb_14my_http_server4test10templatings_34test_context_value_inference_order
FNDA:1,_RNvNtNtCslE1WvBQdpRb_14my_http_server4test10templatings_34test_set_context_value_empty_value
FNDA:1,_RNvNtNtCslE1WvBQdpRb_14my_http_server4test10templatings_35test_set_context_value_env_variable
FNDA:1,_RNvNtNtCslE1WvBQdpRb_14my_http_server4test10templatings_36test_set_context_value_special_chars
FNDA:1,_RNvNtNtCslE1WvBQdpRb_14my_http_server4test10templatings_38test_set_context_value_multiple_colons
FNDA:1,_RNvNtNtCslE1WvBQdpRb_14my_http_server4test10templatings_38test_set_context_value_type_precedence
FNDA:1,_RNvNtNtCslE1WvBQdpRb_14my_http_server4test10templatings_39test_set_context_value_negative_integer
FNDA:1,_RNvNtNtCslE1WvBQdpRb_14my_http_server4test10templatings_40test_get_context_includes_server_version
FNDA:1,_RNvNtNtCslE1WvBQdpRb_14my_http_server4test10templatings_41test_set_context_value_malformed_no_colon
FNDA:1,_RNvNtNtCslE1WvBQdpRb_14my_http_server4test10templatings_41test_set_context_value_string_with_spaces
FNDA:1,_RNvNtNtCslE1WvBQdpRb_14my_http_server4test10templatings_42test_set_context_value_whitespace_handling
FNF:22
FNH:22
DA:12,4
DA:13,4
DA:14,4
DA:16,4
DA:17,4
DA:18,4
DA:21,4
DA:22,4
DA:23,4
DA:25,4
DA:26,4
DA:27,4
DA:30,4
DA:31,4
DA:32,4
DA:34,4
DA:35,4
DA:36,4
DA:39,4
DA:40,4
DA:41,4
DA:43,4
DA:44,4
DA:45,4
DA:48,4
DA:49,4
DA:50,4
DA:52,4
DA:53,4
DA:54,4
DA:57,4
DA:58,4
DA:59,4
DA:61,4
DA:62,4
DA:63,4
DA:66,4
DA:68,4
DA:69,4
DA:70,4
DA:73,4
DA:74,4
DA:75,4
DA:78,4
DA:79,4
DA:80,4
DA:81,4
DA:84,4
DA:85,4
DA:86,4
DA:87,4
DA:89,4
DA:90,4
DA:92,4
DA:93,4
DA:95,4
DA:96,4
DA:97,4
DA:98,4
DA:101,4
DA:102,4
DA:103,4
DA:104,4
DA:106,4
DA:107,4
DA:109,4
DA:110,4
DA:112,4
DA:113,4
DA:114,4
DA:115,4
DA:118,4
DA:119,4
DA:120,4
DA:121,4
DA:123,4
DA:124,4
DA:126,4
DA:127,4
DA:129,4
DA:130,4
DA:131,4
DA:132,4
DA:135,4
DA:136,4
DA:137,4
DA:140,4
DA:141,4
DA:144,4
DA:145,4
DA:146,4
DA:149,4
DA:150,4
DA:153,4
DA:154,4
DA:155,4
DA:157,4
DA:158,4
DA:159,4
DA:162,4
DA:163,4
DA:164,4
DA:166,4
DA:168,4
DA:169,4
DA:172,4
DA:173,4
DA:174,4
DA:176,4
DA:177,4
DA:178,4
DA:181,4
DA:182,4
DA:183,4
DA:185,4
DA:186,4
DA:187,4
DA:190,4
DA:191,4
DA:192,4
DA:194,4
DA:195,4
DA:196,4
DA:199,4
DA:203,4
DA:204,4
DA:206,4
DA:207,4
DA:208,4
DA:209,4
DA:210,4
DA:211,4
DA:213,4
DA:217,4
DA:220,4
DA:222,4
DA:225,4
DA:226,4
DA:228,4
DA:229,4
DA:232,4
DA:233,4
DA:235,4
DA:236,4
DA:239,4
DA:240,4
DA:242,4
DA:243,4
DA:244,4
DA:247,4
DA:249,4
DA:250,4
DA:251,4
DA:253,4
DA:254,4
DA:257,4
DA:258,4
DA:259,4
DA:262,4
DA:263,4
DA:265,4
DA:266,4
DA:267,4
DA:269,4
DA:270,4
DA:271,4
DA:272,4
DA:273,4
DA:276,4
DA:277,4
DA:279,4
DA:280,4
DA:282,4
DA:283,4
DA:284,4
BRF:0
BRH:0
LF:175
LH:175
end_of_record